#
# There is insufficient memory for the Java Runtime Environment to continue.
# Native memory allocation (malloc) failed to allocate 1586160 bytes for Chunk::new
# Possible reasons:
#   The system is out of physical RAM or swap space
#   The process is running with CompressedOops enabled, and the Java Heap may be blocking the growth of the native heap
# Possible solutions:
#   Reduce memory load on the system
#   Increase physical memory or swap space
#   Check if swap backing store is full
#   Decrease Java heap size (-Xmx/-Xms)
#   Decrease number of Java threads
#   Decrease Java thread stack sizes (-Xss)
#   Set larger code cache with -XX:ReservedCodeCacheSize=
#   JVM is running with Unscaled Compressed Oops mode in which the Java heap is
#     placed in the first 4GB address space. The Java Heap base address is the
#     maximum limit for the native heap growth. Please use -XX:HeapBaseMinAddress
#     to set the Java Heap base and to place the Java Heap above 4GB virtual address.
# This output file may be truncated or incomplete.
#
#  Out of Memory Error (allocation.cpp:389), pid=13216, tid=0x0000000000001050
#
# JRE version: OpenJDK Runtime Environment (8.0_242-b01) (build 1.8.0_242-release-1644-b01)
# Java VM: OpenJDK 64-Bit Server VM (25.242-b01 mixed mode windows-amd64 compressed oops)
# Failed to write core dump. Minidumps are not enabled by default on client versions of Windows
#

---------------  T H R E A D  ---------------

Current thread (0x0000000017a5c000):  JavaThread "C2 CompilerThread1" daemon [_thread_in_native, id=4176, stack(0x00000000191c0000,0x00000000192c0000)]

Stack: [0x00000000191c0000,0x00000000192c0000]
[error occurred during error reporting (printing stack bounds), id 0xc0000005]

Native frames: (J=compiled Java code, j=interpreted, Vv=VM code, C=native code)


Current CompileTask:
C2:  24072 5570       4       java.net.URLClassLoader$1::run (5 bytes)


---------------  P R O C E S S  ---------------

Java Threads: ( => current thread )
  0x000000001be40000 JavaThread "Cache worker for file content cache (B:\Project\ArkademyBootcamp\Hira\.gradle\6.1.1\fileContent)" [_thread_blocked, id=11172, stack(0x0000000024ec0000,0x0000000024fc0000)]
  0x000000001be33000 JavaThread "Cache worker for file content cache (C:\Users\TOSHIBA\.gradle\caches\6.1.1\fileContent)" [_thread_blocked, id=1816, stack(0x0000000024ae0000,0x0000000024be0000)]
  0x000000001be3a000 JavaThread "Memory manager" [_thread_blocked, id=8072, stack(0x00000000245b0000,0x00000000246b0000)]
  0x000000001be31800 JavaThread "Cache worker for Build Output Cleanup Cache (B:\Project\ArkademyBootcamp\Hira\.gradle\buildOutputCleanup)" [_thread_blocked, id=9720, stack(0x0000000023cb0000,0x0000000023db0000)]
  0x000000001be36000 JavaThread "Build operations Thread 4" [_thread_blocked, id=6812, stack(0x0000000023500000,0x0000000023600000)]
  0x000000001be35800 JavaThread "Build operations Thread 3" [_thread_blocked, id=4324, stack(0x0000000021560000,0x0000000021660000)]
  0x000000001be32800 JavaThread "Build operations Thread 2" [_thread_blocked, id=12700, stack(0x00000000203c0000,0x00000000204c0000)]
  0x000000001be38800 JavaThread "Build operations" [_thread_blocked, id=8584, stack(0x0000000020080000,0x0000000020180000)]
  0x0000000017a6f000 JavaThread "Cache worker for execution history cache (C:\Users\TOSHIBA\.gradle\caches\6.1.1\executionHistory)" [_thread_blocked, id=12136, stack(0x000000001ff80000,0x0000000020080000)]
  0x0000000017a6d800 JavaThread "Cache worker for cache directory md-rule (C:\Users\TOSHIBA\.gradle\caches\6.1.1\md-rule)" [_thread_blocked, id=7680, stack(0x000000001fe80000,0x000000001ff80000)]
  0x0000000017a72800 JavaThread "Cache worker for cache directory md-supplier (C:\Users\TOSHIBA\.gradle\caches\6.1.1\md-supplier)" [_thread_blocked, id=6672, stack(0x000000001fd80000,0x000000001fe80000)]
  0x0000000017a6f800 JavaThread "Cache worker for file hash cache (B:\Project\ArkademyBootcamp\Hira\.gradle\6.1.1\fileHashes)" [_thread_blocked, id=8940, stack(0x00000000201b0000,0x00000000202b0000)]
  0x0000000017a6c800 JavaThread "Cache worker for checksums cache (B:\Project\ArkademyBootcamp\Hira\.gradle\checksums)" [_thread_blocked, id=8852, stack(0x00000000202c0000,0x00000000203c0000)]
  0x0000000017a70800 JavaThread "Cache worker for file hash cache (C:\Users\TOSHIBA\.gradle\caches\6.1.1\fileHashes)" [_thread_blocked, id=9024, stack(0x000000001d7e0000,0x000000001d8e0000)]
  0x0000000017a6e000 JavaThread "File lock request listener" [_thread_in_native, id=1828, stack(0x000000001d6e0000,0x000000001d7e0000)]
  0x000000001b641800 JavaThread "Cache worker for journal cache (C:\Users\TOSHIBA\.gradle\caches\journal-1)" [_thread_blocked, id=9312, stack(0x000000001d5e0000,0x000000001d6e0000)]
  0x0000000019d98800 JavaThread "Thread-9" [_thread_blocked, id=460, stack(0x000000001d2e0000,0x000000001d3e0000)]
  0x0000000019cd3000 JavaThread "Stdin handler" [_thread_blocked, id=8732, stack(0x000000001d1e0000,0x000000001d2e0000)]
  0x0000000019cd1800 JavaThread "Asynchronous log dispatcher for DefaultDaemonConnection: socket connection from /127.0.0.1:57365 to /127.0.0.1:57366" [_thread_blocked, id=6892, stack(0x000000001d0e0000,0x000000001d1e0000)]
  0x000000001b427000 JavaThread "Daemon worker" [_thread_in_native, id=12132, stack(0x000000001cfe0000,0x000000001d0e0000)]
  0x000000001b423800 JavaThread "Cancel handler" [_thread_blocked, id=7888, stack(0x000000001cee0000,0x000000001cfe0000)]
  0x000000001b403800 JavaThread "Handler for socket connection from /127.0.0.1:57365 to /127.0.0.1:57366" [_thread_in_native, id=13332, stack(0x000000001cbe0000,0x000000001cce0000)]
  0x000000001b3ff000 JavaThread "Daemon" [_thread_blocked, id=13856, stack(0x000000001cae0000,0x000000001cbe0000)]
  0x000000001b3fd800 JavaThread "Daemon periodic checks" [_thread_blocked, id=8924, stack(0x000000001c9e0000,0x000000001cae0000)]
  0x000000001b2e2800 JavaThread "Incoming local TCP Connector on port 57365" [_thread_in_native, id=512, stack(0x000000001c7a0000,0x000000001c8a0000)]
  0x00000000194b2800 JavaThread "Daemon health stats" [_thread_blocked, id=9868, stack(0x000000001c160000,0x000000001c260000)]
  0x0000000019400000 JavaThread "Service Thread" daemon [_thread_blocked, id=9800, stack(0x00000000197c0000,0x00000000198c0000)]
  0x0000000017a6c000 JavaThread "C1 CompilerThread2" daemon [_thread_blocked, id=10832, stack(0x00000000192c0000,0x00000000193c0000)]
=>0x0000000017a5c000 JavaThread "C2 CompilerThread1" daemon [_thread_in_native, id=4176, stack(0x00000000191c0000,0x00000000192c0000)]
  0x0000000017a55800 JavaThread "C2 CompilerThread0" daemon [_thread_in_native, id=10904, stack(0x00000000190c0000,0x00000000191c0000)]
  0x0000000017a54800 JavaThread "Attach Listener" daemon [_thread_blocked, id=5096, stack(0x0000000018fc0000,0x00000000190c0000)]
  0x0000000017a51800 JavaThread "Signal Dispatcher" daemon [_thread_blocked, id=14228, stack(0x0000000018ec0000,0x0000000018fc0000)]
  0x0000000002e2b800 JavaThread "Finalizer" daemon [_thread_blocked, id=4756, stack(0x0000000018cc0000,0x0000000018dc0000)]
  0x0000000017a39000 JavaThread "Reference Handler" daemon [_thread_blocked, id=8304, stack(0x0000000018bc0000,0x0000000018cc0000)]
  0x0000000000e6e800 JavaThread "main" [_thread_blocked, id=2716, stack(0x0000000002b50000,0x0000000002c50000)]

Other Threads:
  0x0000000017a18000 VMThread [stack: 0x0000000018ac0000,0x0000000018bc0000] [id=8484]
  0x0000000017aad800 WatcherThread [stack: 0x00000000198c0000,0x00000000199c0000] [id=7208]

VM state:not at safepoint (normal execution)

VM Mutex/Monitor currently owned by a thread:  ([mutex/lock_event])
[0x0000000000e6d310] SymbolTable_lock - owner thread: 0x0000000000000000

heap address: 0x0000000080000000, size: 2048 MB, Compressed Oops mode: 32-bit
Narrow klass base: 0x0000000000000000, Narrow klass shift: 3
Compressed class space size: 1073741824 Address: 0x0000000100000000

Heap:
 PSYoungGen      total 186368K, used 45684K [0x00000000d5580000, 0x00000000e1f00000, 0x0000000100000000)
  eden space 170496K, 26% used [0x00000000d5580000,0x00000000d821d250,0x00000000dfc00000)
  from space 15872K, 0% used [0x00000000e0000000,0x00000000e0000000,0x00000000e0f80000)
  to   space 13312K, 0% used [0x00000000e1200000,0x00000000e1200000,0x00000000e1f00000)
 ParOldGen       total 72704K, used 39602K [0x0000000080000000, 0x0000000084700000, 0x00000000d5580000)
  object space 72704K, 54% used [0x0000000080000000,0x00000000826acaa0,0x0000000084700000)
 Metaspace       used 60138K, capacity 62220K, committed 62488K, reserved 1103872K
  class space    used 8228K, capacity 8673K, committed 8744K, reserved 1048576K

Card table byte_map: [0x00000000121f0000,0x0000000012600000] byte_map_base: 0x0000000011df0000

Marking Bits: (ParMarkBitMap*) 0x0000000069f8f030
 Begin Bits: [0x0000000012cb0000, 0x0000000014cb0000)
 End Bits:   [0x0000000014cb0000, 0x0000000016cb0000)

Polling page: 0x0000000002c50000

CodeCache: size=245760Kb used=17424Kb max_used=17601Kb free=228335Kb
 bounds [0x0000000002e30000, 0x0000000003f70000, 0x0000000011e30000]
 total_blobs=5869 nmethods=5067 adapters=716
 compilation: enabled

Compilation events (10 events):
Event: 24.019 Thread 0x0000000017a6c000 5631       3       com.sun.xml.bind.v2.model.nav.TypeVisitor::visit (125 bytes)
Event: 24.020 Thread 0x0000000017a6c000 nmethod 5631 0x00000000030e7950 code [0x00000000030e7b80, 0x00000000030e8c98]
Event: 24.020 Thread 0x0000000017a6c000 5632       3       com.sun.xml.bind.v2.model.nav.ReflectionNavigator::isBridgeMethod (9 bytes)
Event: 24.020 Thread 0x0000000017a6c000 nmethod 5632 0x00000000038cc250 code [0x00000000038cc3c0, 0x00000000038cc8b0]
Event: 24.020 Thread 0x0000000017a6c000 5633       3       com.sun.xml.bind.v2.model.nav.ReflectionNavigator::isBridgeMethod (5 bytes)
Event: 24.021 Thread 0x0000000017a6c000 nmethod 5633 0x00000000030e73d0 code [0x00000000030e7540, 0x00000000030e7870]
Event: 24.023 Thread 0x0000000017a6c000 5634       3       com.sun.xml.bind.v2.model.nav.ReflectionNavigator::fix (47 bytes)
Event: 24.024 Thread 0x0000000017a6c000 nmethod 5634 0x00000000030e6890 code [0x00000000030e6a40, 0x00000000030e7268]
Event: 24.025 Thread 0x0000000017a6c000 5635       3       java.security.ProtectionDomain$Key::<init> (10 bytes)
Event: 24.026 Thread 0x0000000017a6c000 nmethod 5635 0x00000000030e64d0 code [0x00000000030e6620, 0x00000000030e67f0]

GC Heap History (10 events):
Event: 11.669 GC heap before
{Heap before GC invocations=10 (full 1):
 PSYoungGen      total 128512K, used 120448K [0x00000000d5580000, 0x00000000de680000, 0x0000000100000000)
  eden space 119808K, 93% used [0x00000000d5580000,0x00000000dc2fb8d8,0x00000000dca80000)
  from space 8704K, 95% used [0x00000000dde00000,0x00000000de624aa0,0x00000000de680000)
  to   space 11264K, 0% used [0x00000000dd080000,0x00000000dd080000,0x00000000ddb80000)
 ParOldGen       total 48128K, used 6976K [0x0000000080000000, 0x0000000082f00000, 0x00000000d5580000)
  object space 48128K, 14% used [0x0000000080000000,0x00000000806d00f8,0x0000000082f00000)
 Metaspace       used 34458K, capacity 35338K, committed 35496K, reserved 1079296K
  class space    used 4716K, capacity 4934K, committed 5032K, reserved 1048576K
Event: 11.699 GC heap after
Heap after GC invocations=10 (full 1):
 PSYoungGen      total 137216K, used 11259K [0x00000000d5580000, 0x00000000e1f00000, 0x0000000100000000)
  eden space 125952K, 0% used [0x00000000d5580000,0x00000000d5580000,0x00000000dd080000)
  from space 11264K, 99% used [0x00000000dd080000,0x00000000ddb7ec08,0x00000000ddb80000)
  to   space 13312K, 0% used [0x00000000e1200000,0x00000000e1200000,0x00000000e1f00000)
 ParOldGen       total 48128K, used 7747K [0x0000000080000000, 0x0000000082f00000, 0x00000000d5580000)
  object space 48128K, 16% used [0x0000000080000000,0x0000000080790dd8,0x0000000082f00000)
 Metaspace       used 34458K, capacity 35338K, committed 35496K, reserved 1079296K
  class space    used 4716K, capacity 4934K, committed 5032K, reserved 1048576K
}
Event: 11.699 GC heap before
{Heap before GC invocations=11 (full 2):
 PSYoungGen      total 137216K, used 11259K [0x00000000d5580000, 0x00000000e1f00000, 0x0000000100000000)
  eden space 125952K, 0% used [0x00000000d5580000,0x00000000d5580000,0x00000000dd080000)
  from space 11264K, 99% used [0x00000000dd080000,0x00000000ddb7ec08,0x00000000ddb80000)
  to   space 13312K, 0% used [0x00000000e1200000,0x00000000e1200000,0x00000000e1f00000)
 ParOldGen       total 48128K, used 7747K [0x0000000080000000, 0x0000000082f00000, 0x00000000d5580000)
  object space 48128K, 16% used [0x0000000080000000,0x0000000080790dd8,0x0000000082f00000)
 Metaspace       used 34458K, capacity 35338K, committed 35496K, reserved 1079296K
  class space    used 4716K, capacity 4934K, committed 5032K, reserved 1048576K
Event: 11.922 GC heap after
Heap after GC invocations=11 (full 2):
 PSYoungGen      total 137216K, used 0K [0x00000000d5580000, 0x00000000e1f00000, 0x0000000100000000)
  eden space 125952K, 0% used [0x00000000d5580000,0x00000000d5580000,0x00000000dd080000)
  from space 11264K, 0% used [0x00000000dd080000,0x00000000dd080000,0x00000000ddb80000)
  to   space 13312K, 0% used [0x00000000e1200000,0x00000000e1200000,0x00000000e1f00000)
 ParOldGen       total 72704K, used 18482K [0x0000000080000000, 0x0000000084700000, 0x00000000d5580000)
  object space 72704K, 25% used [0x0000000080000000,0x000000008120c9a0,0x0000000084700000)
 Metaspace       used 34458K, capacity 35338K, committed 35496K, reserved 1079296K
  class space    used 4716K, capacity 4934K, committed 5032K, reserved 1048576K
}
Event: 15.954 GC heap before
{Heap before GC invocations=12 (full 2):
 PSYoungGen      total 137216K, used 125952K [0x00000000d5580000, 0x00000000e1f00000, 0x0000000100000000)
  eden space 125952K, 100% used [0x00000000d5580000,0x00000000dd080000,0x00000000dd080000)
  from space 11264K, 0% used [0x00000000dd080000,0x00000000dd080000,0x00000000ddb80000)
  to   space 13312K, 0% used [0x00000000e1200000,0x00000000e1200000,0x00000000e1f00000)
 ParOldGen       total 72704K, used 18482K [0x0000000080000000, 0x0000000084700000, 0x00000000d5580000)
  object space 72704K, 25% used [0x0000000080000000,0x000000008120c9a0,0x0000000084700000)
 Metaspace       used 44481K, capacity 45944K, committed 46120K, reserved 1089536K
  class space    used 6012K, capacity 6354K, committed 6440K, reserved 1048576K
Event: 15.994 GC heap after
Heap after GC invocations=12 (full 2):
 PSYoungGen      total 183808K, used 13290K [0x00000000d5580000, 0x00000000e1f00000, 0x0000000100000000)
  eden space 170496K, 0% used [0x00000000d5580000,0x00000000d5580000,0x00000000dfc00000)
  from space 13312K, 99% used [0x00000000e1200000,0x00000000e1efab50,0x00000000e1f00000)
  to   space 15872K, 0% used [0x00000000e0000000,0x00000000e0000000,0x00000000e0f80000)
 ParOldGen       total 72704K, used 20964K [0x0000000080000000, 0x0000000084700000, 0x00000000d5580000)
  object space 72704K, 28% used [0x0000000080000000,0x0000000081479018,0x0000000084700000)
 Metaspace       used 44481K, capacity 45944K, committed 46120K, reserved 1089536K
  class space    used 6012K, capacity 6354K, committed 6440K, reserved 1048576K
}
Event: 21.517 GC heap before
{Heap before GC invocations=13 (full 2):
 PSYoungGen      total 183808K, used 167179K [0x00000000d5580000, 0x00000000e1f00000, 0x0000000100000000)
  eden space 170496K, 90% used [0x00000000d5580000,0x00000000debc8348,0x00000000dfc00000)
  from space 13312K, 99% used [0x00000000e1200000,0x00000000e1efab50,0x00000000e1f00000)
  to   space 15872K, 0% used [0x00000000e0000000,0x00000000e0000000,0x00000000e0f80000)
 ParOldGen       total 72704K, used 20964K [0x0000000080000000, 0x0000000084700000, 0x00000000d5580000)
  object space 72704K, 28% used [0x0000000080000000,0x0000000081479018,0x0000000084700000)
 Metaspace       used 57100K, capacity 59134K, committed 59160K, reserved 1099776K
  class space    used 7742K, capacity 8220K, committed 8232K, reserved 1048576K
Event: 21.567 GC heap after
Heap after GC invocations=13 (full 2):
 PSYoungGen      total 186368K, used 15869K [0x00000000d5580000, 0x00000000e1f00000, 0x0000000100000000)
  eden space 170496K, 0% used [0x00000000d5580000,0x00000000d5580000,0x00000000dfc00000)
  from space 15872K, 99% used [0x00000000e0000000,0x00000000e0f7f740,0x00000000e0f80000)
  to   space 13312K, 0% used [0x00000000e1200000,0x00000000e1200000,0x00000000e1f00000)
 ParOldGen       total 72704K, used 32556K [0x0000000080000000, 0x0000000084700000, 0x00000000d5580000)
  object space 72704K, 44% used [0x0000000080000000,0x0000000081fcb3a0,0x0000000084700000)
 Metaspace       used 57100K, capacity 59134K, committed 59160K, reserved 1099776K
  class space    used 7742K, capacity 8220K, committed 8232K, reserved 1048576K
}
Event: 21.567 GC heap before
{Heap before GC invocations=14 (full 3):
 PSYoungGen      total 186368K, used 15869K [0x00000000d5580000, 0x00000000e1f00000, 0x0000000100000000)
  eden space 170496K, 0% used [0x00000000d5580000,0x00000000d5580000,0x00000000dfc00000)
  from space 15872K, 99% used [0x00000000e0000000,0x00000000e0f7f740,0x00000000e0f80000)
  to   space 13312K, 0% used [0x00000000e1200000,0x00000000e1200000,0x00000000e1f00000)
 ParOldGen       total 72704K, used 32556K [0x0000000080000000, 0x0000000084700000, 0x00000000d5580000)
  object space 72704K, 44% used [0x0000000080000000,0x0000000081fcb3a0,0x0000000084700000)
 Metaspace       used 57100K, capacity 59134K, committed 59160K, reserved 1099776K
  class space    used 7742K, capacity 8220K, committed 8232K, reserved 1048576K
Event: 22.005 GC heap after
Heap after GC invocations=14 (full 3):
 PSYoungGen      total 186368K, used 0K [0x00000000d5580000, 0x00000000e1f00000, 0x0000000100000000)
  eden space 170496K, 0% used [0x00000000d5580000,0x00000000d5580000,0x00000000dfc00000)
  from space 15872K, 0% used [0x00000000e0000000,0x00000000e0000000,0x00000000e0f80000)
  to   space 13312K, 0% used [0x00000000e1200000,0x00000000e1200000,0x00000000e1f00000)
 ParOldGen       total 72704K, used 39602K [0x0000000080000000, 0x0000000084700000, 0x00000000d5580000)
  object space 72704K, 54% used [0x0000000080000000,0x00000000826acaa0,0x0000000084700000)
 Metaspace       used 57088K, capacity 59092K, committed 59160K, reserved 1099776K
  class space    used 7738K, capacity 8213K, committed 8232K, reserved 1048576K
}

Deoptimization events (10 events):
Event: 22.381 Thread 0x000000001b427000 Uncommon trap: reason=array_check action=maybe_recompile pc=0x000000000323d36c method=java.util.AbstractCollection.toArray([Ljava/lang/Object;)[Ljava/lang/Object; @ 119
Event: 22.548 Thread 0x000000001b427000 Uncommon trap: reason=unstable_if action=reinterpret pc=0x0000000003a5c570 method=java.lang.String.regionMatches(ZILjava/lang/String;II)Z @ 58
Event: 22.866 Thread 0x000000001b427000 Uncommon trap: reason=unstable_if action=reinterpret pc=0x0000000003b6c140 method=sun.nio.fs.WindowsPathParser.isSlash(C)Z @ 9
Event: 22.866 Thread 0x000000001b427000 Uncommon trap: reason=unstable_if action=reinterpret pc=0x00000000031a3a38 method=sun.nio.fs.WindowsPathParser.isSlash(C)Z @ 9
Event: 22.988 Thread 0x000000001b427000 Uncommon trap: reason=unstable_if action=reinterpret pc=0x00000000038095b8 method=com.esotericsoftware.kryo.io.Input.require(I)I @ 65
Event: 23.111 Thread 0x000000001b427000 Uncommon trap: reason=unstable_if action=reinterpret pc=0x000000000321b7a4 method=java.util.TreeMap.put(Ljava/lang/Object;Ljava/lang/Object;)Ljava/lang/Object; @ 163
Event: 23.379 Thread 0x000000001b427000 Uncommon trap: reason=bimorphic action=maybe_recompile pc=0x0000000003cc2d04 method=java.util.regex.Pattern$5.isSatisfiedBy(I)Z @ 16
Event: 23.379 Thread 0x000000001b427000 Uncommon trap: reason=bimorphic action=maybe_recompile pc=0x0000000003cc2d04 method=java.util.regex.Pattern$5.isSatisfiedBy(I)Z @ 16
Event: 23.379 Thread 0x000000001b427000 Uncommon trap: reason=bimorphic action=maybe_recompile pc=0x0000000003cc2d04 method=java.util.regex.Pattern$5.isSatisfiedBy(I)Z @ 16
Event: 23.379 Thread 0x000000001b427000 Uncommon trap: reason=bimorphic action=maybe_recompile pc=0x0000000003cc2d04 method=java.util.regex.Pattern$5.isSatisfiedBy(I)Z @ 16

Classes redefined (0 events):
No events

Internal exceptions (10 events):
Event: 18.944 Thread 0x000000001b427000 Exception <a 'java/lang/ClassNotFoundException': org/gradle/api/internal/file/collections/DefaultConfigurableFileTreeCustomizer> (0x00000000db636ca0) thrown at [C:\src\AOSP-openjdk-git\hotspot\src\share\vm\classfile\systemDictionary.cpp, line 210]
Event: 19.285 Thread 0x000000001b427000 Exception <a 'java/lang/NoSuchMethodError': java.lang.Object.lambda$comparingInt$7b0bb60$1(Ljava/util/function/ToIntFunction;Ljava/lang/Object;Ljava/lang/Object;)I> (0x00000000dbd59538) thrown at [C:\src\AOSP-openjdk-git\hotspot\src\share\vm\interpreter\l
Event: 20.856 Thread 0x000000001b427000 Exception <a 'java/lang/ClassNotFoundException': com/android/build/gradle/internal/api/ApkVariantOutputImpl_DecoratedBeanInfo> (0x00000000dd5df628) thrown at [C:\src\AOSP-openjdk-git\hotspot\src\share\vm\classfile\systemDictionary.cpp, line 210]
Event: 20.860 Thread 0x000000001b427000 Exception <a 'java/lang/ClassNotFoundException': com/android/build/gradle/internal/api/ApkVariantOutputImplBeanInfo> (0x00000000dd5ff008) thrown at [C:\src\AOSP-openjdk-git\hotspot\src\share\vm\classfile\systemDictionary.cpp, line 210]
Event: 20.863 Thread 0x000000001b427000 Exception <a 'java/lang/ClassNotFoundException': com/android/build/gradle/internal/api/BaseVariantOutputImplBeanInfo> (0x00000000dd61ff80) thrown at [C:\src\AOSP-openjdk-git\hotspot\src\share\vm\classfile\systemDictionary.cpp, line 210]
Event: 20.864 Thread 0x000000001b427000 Exception <a 'java/lang/ClassNotFoundException': com/android/build/gradle/internal/api/BaseVariantOutputImplCustomizer> (0x00000000dd641500) thrown at [C:\src\AOSP-openjdk-git\hotspot\src\share\vm\classfile\systemDictionary.cpp, line 210]
Event: 20.870 Thread 0x000000001b427000 Exception <a 'java/lang/ClassNotFoundException': com/android/build/gradle/internal/api/ApkVariantOutputImplCustomizer> (0x00000000dd67ce20) thrown at [C:\src\AOSP-openjdk-git\hotspot\src\share\vm\classfile\systemDictionary.cpp, line 210]
Event: 20.873 Thread 0x000000001b427000 Exception <a 'java/lang/ClassNotFoundException': com/android/build/gradle/internal/api/ApkVariantOutputImpl_DecoratedCustomizer> (0x00000000dd6b39b0) thrown at [C:\src\AOSP-openjdk-git\hotspot\src\share\vm\classfile\systemDictionary.cpp, line 210]
Event: 23.474 Thread 0x000000001b427000 Exception <a 'java/lang/ClassNotFoundException': com/sun/org/glassfish/hk2/osgiresourcelocator/ServiceLoader> (0x00000000d70d93f0) thrown at [C:\src\AOSP-openjdk-git\hotspot\src\share\vm\classfile\systemDictionary.cpp, line 210]
Event: 23.629 Thread 0x000000001b427000 Exception <a 'java/lang/NullPointerException'> (0x00000000d75c0ac0) thrown at [C:\src\AOSP-openjdk-git\hotspot\src\share\vm\interpreter\linkResolver.cpp, line 1287]

Events (10 events):
Event: 23.984 loading class javax/xml/bind/annotation/adapters/CollapsedStringAdapter
Event: 23.985 loading class javax/xml/bind/annotation/adapters/CollapsedStringAdapter done
Event: 23.986 loading class javax/xml/bind/annotation/XmlSchemaType$DEFAULT
Event: 23.986 loading class javax/xml/bind/annotation/XmlSchemaType$DEFAULT done
Event: 23.990 loading class com/android/repository/io/FileOp
Event: 23.990 loading class com/android/repository/io/FileOp done
Event: 23.997 loading class com/android/repository/api/RepositorySource
Event: 23.997 loading class com/android/repository/api/RepositorySource done
Event: 24.015 loading class com/sun/xml/bind/v2/model/impl/GetterSetterPropertySeed
Event: 24.015 loading class com/sun/xml/bind/v2/model/impl/GetterSetterPropertySeed done


Dynamic libraries:
0x00007ff7c07e0000 - 0x00007ff7c0811000 	C:\Program Files\Android\Android Studio\jre\bin\java.exe
0x00007ffb2a640000 - 0x00007ffb2a830000 	C:\WINDOWS\SYSTEM32\ntdll.dll
0x00007ffb29400000 - 0x00007ffb294b2000 	C:\WINDOWS\System32\KERNEL32.DLL
0x00007ffb27980000 - 0x00007ffb27c24000 	C:\WINDOWS\System32\KERNELBASE.dll
0x00007ffb2a490000 - 0x00007ffb2a533000 	C:\WINDOWS\System32\ADVAPI32.dll
0x00007ffb29ca0000 - 0x00007ffb29d3e000 	C:\WINDOWS\System32\msvcrt.dll
0x00007ffb2a560000 - 0x00007ffb2a5f7000 	C:\WINDOWS\System32\sechost.dll
0x00007ffb288a0000 - 0x00007ffb289c0000 	C:\WINDOWS\System32\RPCRT4.dll
0x00007ffb29e20000 - 0x00007ffb29fb4000 	C:\WINDOWS\System32\USER32.dll
0x00007ffb27e30000 - 0x00007ffb27e51000 	C:\WINDOWS\System32\win32u.dll
0x00007ffb28760000 - 0x00007ffb28786000 	C:\WINDOWS\System32\GDI32.dll
0x00007ffb275d0000 - 0x00007ffb27764000 	C:\WINDOWS\System32\gdi32full.dll
0x00007ffb27eb0000 - 0x00007ffb27f4e000 	C:\WINDOWS\System32\msvcp_win.dll
0x00007ffb27880000 - 0x00007ffb2797a000 	C:\WINDOWS\System32\ucrtbase.dll
0x00007ffb1be70000 - 0x00007ffb1c0f4000 	C:\WINDOWS\WinSxS\amd64_microsoft.windows.common-controls_6595b64144ccf1df_6.0.18362.836_none_e6c4b943130f18ed\COMCTL32.dll
0x00007ffb2a150000 - 0x00007ffb2a486000 	C:\WINDOWS\System32\combase.dll
0x00007ffb277d0000 - 0x00007ffb27850000 	C:\WINDOWS\System32\bcryptPrimitives.dll
0x00007ffb28bd0000 - 0x00007ffb28bfe000 	C:\WINDOWS\System32\IMM32.DLL
0x0000000068d50000 - 0x0000000068e22000 	C:\Program Files\Android\Android Studio\jre\jre\bin\msvcr100.dll
0x00000000697c0000 - 0x000000006a00b000 	C:\Program Files\Android\Android Studio\jre\jre\bin\server\jvm.dll
0x00007ffb28c60000 - 0x00007ffb28c68000 	C:\WINDOWS\System32\PSAPI.DLL
0x00007ffb150d0000 - 0x00007ffb150d9000 	C:\WINDOWS\SYSTEM32\WSOCK32.dll
0x00007ffb241b0000 - 0x00007ffb241d4000 	C:\WINDOWS\SYSTEM32\WINMM.dll
0x00007ffb21640000 - 0x00007ffb2164a000 	C:\WINDOWS\SYSTEM32\VERSION.dll
0x00007ffb29540000 - 0x00007ffb295af000 	C:\WINDOWS\System32\WS2_32.dll
0x00007ffb24180000 - 0x00007ffb241ad000 	C:\WINDOWS\SYSTEM32\WINMMBASE.dll
0x00007ffb27e60000 - 0x00007ffb27eaa000 	C:\WINDOWS\System32\cfgmgr32.dll
0x00007ffb23ed0000 - 0x00007ffb23edf000 	C:\Program Files\Android\Android Studio\jre\jre\bin\verify.dll
0x00007ffb20490000 - 0x00007ffb204b9000 	C:\Program Files\Android\Android Studio\jre\jre\bin\java.dll
0x00007ffb23eb0000 - 0x00007ffb23ec6000 	C:\Program Files\Android\Android Studio\jre\jre\bin\zip.dll
0x00007ffb295b0000 - 0x00007ffb29c94000 	C:\WINDOWS\System32\SHELL32.dll
0x00007ffb287f0000 - 0x00007ffb28899000 	C:\WINDOWS\System32\shcore.dll
0x00007ffb27f50000 - 0x00007ffb286ce000 	C:\WINDOWS\System32\windows.storage.dll
0x00007ffb27560000 - 0x00007ffb27583000 	C:\WINDOWS\System32\profapi.dll
0x00007ffb27510000 - 0x00007ffb2755a000 	C:\WINDOWS\System32\powrprof.dll
0x00007ffb27500000 - 0x00007ffb27510000 	C:\WINDOWS\System32\UMPDC.dll
0x00007ffb28c00000 - 0x00007ffb28c52000 	C:\WINDOWS\System32\shlwapi.dll
0x00007ffb27590000 - 0x00007ffb275a1000 	C:\WINDOWS\System32\kernel.appcore.dll
0x00007ffb286d0000 - 0x00007ffb286e7000 	C:\WINDOWS\System32\cryptsp.dll
0x00007ffb20470000 - 0x00007ffb2048a000 	C:\Program Files\Android\Android Studio\jre\jre\bin\net.dll
0x00007ffb26d10000 - 0x00007ffb26d77000 	C:\WINDOWS\system32\mswsock.dll
0x00007ffb20450000 - 0x00007ffb20463000 	C:\Program Files\Android\Android Studio\jre\jre\bin\nio.dll
0x00007ffb1a580000 - 0x00007ffb1a5a6000 	C:\Users\TOSHIBA\.gradle\native\31\windows-amd64\native-platform.dll
0x00007ffb20440000 - 0x00007ffb2044d000 	C:\Program Files\Android\Android Studio\jre\jre\bin\management.dll
0x00007ffb26880000 - 0x00007ffb268b3000 	C:\WINDOWS\system32\rsaenh.dll
0x00007ffb27850000 - 0x00007ffb27876000 	C:\WINDOWS\System32\bcrypt.dll
0x00007ffb27420000 - 0x00007ffb27445000 	C:\WINDOWS\SYSTEM32\USERENV.dll
0x00007ffb26ee0000 - 0x00007ffb26eec000 	C:\WINDOWS\SYSTEM32\CRYPTBASE.dll
0x00007ffb26a20000 - 0x00007ffb26a5a000 	C:\WINDOWS\SYSTEM32\IPHLPAPI.DLL
0x00007ffb29e10000 - 0x00007ffb29e18000 	C:\WINDOWS\System32\NSI.dll
0x00007ffb20b80000 - 0x00007ffb20b96000 	C:\WINDOWS\SYSTEM32\dhcpcsvc6.DLL
0x00007ffb217a0000 - 0x00007ffb217bc000 	C:\WINDOWS\SYSTEM32\dhcpcsvc.DLL
0x00007ffb26a60000 - 0x00007ffb26b2b000 	C:\WINDOWS\SYSTEM32\DNSAPI.dll

VM Arguments:
jvm_args: -Xmx2048m -Dfile.encoding=windows-1252 -Duser.country=US -Duser.language=en -Duser.variant 
java_command: org.gradle.launcher.daemon.bootstrap.GradleDaemon 6.1.1
java_class_path (initial): C:\Users\TOSHIBA\.gradle\wrapper\dists\gradle-6.1.1-all\cfmwm155h49vnt3hynmlrsdst\gradle-6.1.1\lib\gradle-launcher-6.1.1.jar
Launcher Type: SUN_STANDARD

Environment Variables:
JAVA_HOME=C:\Program Files\Java\jdk-13.0.1
CLASSPATH=C:\Program Files\Java\jdk-13.0.1\lib
PATH=C:\Program Files (x86)\Common Files\Oracle\Java\javapath;E:\app\OracleHome\product\12.2.0\dbhome_1\bin;D:\app\reihanbay\product\12.2.0\dbhome_1\bin;C:\Program Files\Git\cmd;C:\ProgramData\chocolatey\bin;C:\Program Files (x86)\AMD\ATI.ACE\Core-Static;C:\xampp\php;C:\ProgramData\ComposerSetup\bin;C:\WINDOWS\system32;C:\WINDOWS;C:\WINDOWS\System32\Wbem;C:\WINDOWS\System32\WindowsPowerShell\v1.0\;C:\WINDOWS\System32\OpenSSH\;C:\Program Files\nodejs\;C:\Program Files\dotnet\;C:\Program Files\PuTTY\;C:\Users\TOSHIBA\AppData\Local\Microsoft\WindowsApps;C:\Program Files\Java\jdk-13.0.1\bin;C:\Users\TOSHIBA\AppData\Local\Android\Sdk\emulator;C:\Users\TOSHIBA\AppData\Local\Android\Sdk\platform-tools;C:\Users\TOSHIBA\AppData\Local\Android\Sdk\tools\bin;C:\Users\TOSHIBA\AppData\Local\Android\Sdk\tools;E:\file Software\Microsoft VS Code\bin;C:\Users\TOSHIBA\AppData\Roaming\Composer\vendor\bin;C:\Users\TOSHIBA\AppData\Roaming\npm;C:\Program Files (x86)\Gradle\gradle-6.5.1\bin;
USERNAME=TOSHIBA
OS=Windows_NT
PROCESSOR_IDENTIFIER=Intel64 Family 6 Model 37 Stepping 5, GenuineIntel



---------------  S Y S T E M  ---------------

OS: Windows 10.0 , 64 bit Build 18362 (10.0.18362.778)

CPU:total 4 (initial active 4) (2 cores per cpu, 2 threads per core) family 6 model 37 stepping 5, cmov, cx8, fxsr, mmx, sse, sse2, sse3, ssse3, sse4.1, sse4.2, popcnt, ht, tsc, tscinvbit

Memory: 4k page, physical 8247148k(987368k free), swap 14391148k(6032k free)

vm_info: OpenJDK 64-Bit Server VM (25.242-b01) for windows-amd64 JRE (1.8.0_242-release-1644-b01), built by "builder" with MS VC++ 10.0 (VS2010)

time: Sun Oct 04 15:28:06 2020
timezone: SE Asia Standard Time
elapsed time: 24 seconds (0d 0h 0m 24s)

