#
# There is insufficient memory for the Java Runtime Environment to continue.
# Native memory allocation (malloc) failed to allocate 1345696 bytes for Chunk::new
# Possible reasons:
#   The system is out of physical RAM or swap space
#   The process is running with CompressedOops enabled, and the Java Heap may be blocking the growth of the native heap
# Possible solutions:
#   Reduce memory load on the system
#   Increase physical memory or swap space
#   Check if swap backing store is full
#   Decrease Java heap size (-Xmx/-Xms)
#   Decrease number of Java threads
#   Decrease Java thread stack sizes (-Xss)
#   Set larger code cache with -XX:ReservedCodeCacheSize=
#   JVM is running with Unscaled Compressed Oops mode in which the Java heap is
#     placed in the first 4GB address space. The Java Heap base address is the
#     maximum limit for the native heap growth. Please use -XX:HeapBaseMinAddress
#     to set the Java Heap base and to place the Java Heap above 4GB virtual address.
# This output file may be truncated or incomplete.
#
#  Out of Memory Error (allocation.cpp:389), pid=3744, tid=0x0000000000003128
#
# JRE version: OpenJDK Runtime Environment (8.0_242-b01) (build 1.8.0_242-release-1644-b01)
# Java VM: OpenJDK 64-Bit Server VM (25.242-b01 mixed mode windows-amd64 compressed oops)
# Failed to write core dump. Minidumps are not enabled by default on client versions of Windows
#

---------------  T H R E A D  ---------------

Current thread (0x000000001533e800):  JavaThread "C2 CompilerThread1" daemon [_thread_in_native, id=12584, stack(0x0000000016a80000,0x0000000016b80000)]

Stack: [0x0000000016a80000,0x0000000016b80000]
[error occurred during error reporting (printing stack bounds), id 0xc0000005]

Native frames: (J=compiled Java code, j=interpreted, Vv=VM code, C=native code)


Current CompileTask:
C2:   6122 1510       4       java.net.URLClassLoader$1::run (5 bytes)


---------------  P R O C E S S  ---------------

Java Threads: ( => current thread )
  0x0000000015348000 JavaThread "Cache worker for file hash cache (C:\Users\TOSHIBA\.gradle\caches\6.1.1\fileHashes)" [_thread_blocked, id=8948, stack(0x000000001b0f0000,0x000000001b1f0000)]
  0x00000000183e0000 JavaThread "File lock request listener" [_thread_in_native, id=9512, stack(0x000000001aff0000,0x000000001b0f0000)]
  0x00000000183db800 JavaThread "Cache worker for journal cache (C:\Users\TOSHIBA\.gradle\caches\journal-1)" [_thread_blocked, id=13636, stack(0x000000001aef0000,0x000000001aff0000)]
  0x00000000174d2800 JavaThread "Thread-9" [_thread_blocked, id=8904, stack(0x000000001abf0000,0x000000001acf0000)]
  0x0000000019074000 JavaThread "Stdin handler" [_thread_blocked, id=6112, stack(0x000000001aaf0000,0x000000001abf0000)]
  0x000000001706a800 JavaThread "Asynchronous log dispatcher for DefaultDaemonConnection: socket connection from /127.0.0.1:57491 to /127.0.0.1:57492" [_thread_blocked, id=4388, stack(0x000000001a9f0000,0x000000001aaf0000)]
  0x0000000019068000 JavaThread "Daemon worker" [_thread_in_native, id=10924, stack(0x000000001a8f0000,0x000000001a9f0000)]
  0x0000000019077800 JavaThread "Cancel handler" [_thread_blocked, id=5532, stack(0x000000001a7f0000,0x000000001a8f0000)]
  0x000000001900e800 JavaThread "Handler for socket connection from /127.0.0.1:57491 to /127.0.0.1:57492" [_thread_in_native, id=12192, stack(0x000000001a4f0000,0x000000001a5f0000)]
  0x000000001900d800 JavaThread "Daemon" [_thread_blocked, id=12656, stack(0x000000001a3f0000,0x000000001a4f0000)]
  0x0000000018fa1800 JavaThread "Daemon periodic checks" [_thread_blocked, id=1708, stack(0x000000001a2f0000,0x000000001a3f0000)]
  0x0000000018f82000 JavaThread "Incoming local TCP Connector on port 57491" [_thread_in_native, id=5264, stack(0x0000000017380000,0x0000000017480000)]
  0x000000001706b800 JavaThread "Daemon health stats" [_thread_blocked, id=9736, stack(0x0000000017280000,0x0000000017380000)]
  0x000000001538e800 JavaThread "Service Thread" daemon [_thread_blocked, id=9384, stack(0x0000000017080000,0x0000000017180000)]
  0x0000000015349000 JavaThread "C1 CompilerThread2" daemon [_thread_blocked, id=10828, stack(0x0000000016b80000,0x0000000016c80000)]
=>0x000000001533e800 JavaThread "C2 CompilerThread1" daemon [_thread_in_native, id=12584, stack(0x0000000016a80000,0x0000000016b80000)]
  0x0000000015335000 JavaThread "C2 CompilerThread0" daemon [_thread_in_native, id=2072, stack(0x0000000016980000,0x0000000016a80000)]
  0x0000000015333800 JavaThread "Attach Listener" daemon [_thread_blocked, id=6980, stack(0x0000000016880000,0x0000000016980000)]
  0x0000000015332800 JavaThread "Signal Dispatcher" daemon [_thread_blocked, id=11412, stack(0x0000000016780000,0x0000000016880000)]
  0x0000000002c5c000 JavaThread "Finalizer" daemon [_thread_blocked, id=13064, stack(0x0000000016580000,0x0000000016680000)]
  0x0000000015319000 JavaThread "Reference Handler" daemon [_thread_blocked, id=13912, stack(0x0000000016480000,0x0000000016580000)]
  0x000000000298e800 JavaThread "main" [_thread_blocked, id=13300, stack(0x0000000002a60000,0x0000000002b60000)]

Other Threads:
  0x00000000152f8000 VMThread [stack: 0x0000000016380000,0x0000000016480000] [id=13600]
  0x0000000016cb4800 WatcherThread [stack: 0x0000000017180000,0x0000000017280000] [id=9956]

VM state:not at safepoint (normal execution)

VM Mutex/Monitor currently owned by a thread: None

heap address: 0x00000000c0000000, size: 1024 MB, Compressed Oops mode: 32-bit
Narrow klass base: 0x0000000000000000, Narrow klass shift: 3
Compressed class space size: 1073741824 Address: 0x0000000100000000

Heap:
 PSYoungGen      total 37888K, used 23476K [0x00000000eab00000, 0x00000000ef500000, 0x0000000100000000)
  eden space 32768K, 56% used [0x00000000eab00000,0x00000000ebcf08f0,0x00000000ecb00000)
  from space 5120K, 99% used [0x00000000ed000000,0x00000000ed4fc920,0x00000000ed500000)
  to   space 5120K, 0% used [0x00000000ecb00000,0x00000000ecb00000,0x00000000ed000000)
 ParOldGen       total 86016K, used 3579K [0x00000000c0000000, 0x00000000c5400000, 0x00000000eab00000)
  object space 86016K, 4% used [0x00000000c0000000,0x00000000c037ee48,0x00000000c5400000)
 Metaspace       used 16333K, capacity 16894K, committed 17024K, reserved 1064960K
  class space    used 2206K, capacity 2389K, committed 2432K, reserved 1048576K

Card table byte_map: [0x0000000012020000,0x0000000012230000] byte_map_base: 0x0000000011a20000

Marking Bits: (ParMarkBitMap*) 0x0000000069f8f030
 Begin Bits: [0x0000000012790000, 0x0000000013790000)
 End Bits:   [0x0000000013790000, 0x0000000014790000)

Polling page: 0x00000000009f0000

CodeCache: size=245760Kb used=5443Kb max_used=5443Kb free=240316Kb
 bounds [0x0000000002c60000, 0x00000000031c0000, 0x0000000011c60000]
 total_blobs=1949 nmethods=1550 adapters=313
 compilation: enabled

Compilation events (10 events):
Event: 5.927 Thread 0x0000000015349000 1532       3       java.lang.reflect.Method::getGenericParameterTypes (5 bytes)
Event: 5.929 Thread 0x0000000015349000 nmethod 1532 0x000000000319ee50 code [0x000000000319f080, 0x000000000319fde8]
Event: 5.931 Thread 0x0000000015349000 1533       3       java.lang.reflect.Method::getGenericReturnType (20 bytes)
Event: 5.933 Thread 0x0000000015349000 nmethod 1533 0x00000000031a0750 code [0x00000000031a0940, 0x00000000031a1338]
Event: 5.944 Thread 0x0000000015349000 1535       3       org.gradle.internal.service.DefaultServiceRegistry$FactoryMethodService::<init> (22 bytes)
Event: 5.945 Thread 0x0000000015349000 nmethod 1535 0x00000000031a1990 code [0x00000000031a1b60, 0x00000000031a2388]
Event: 5.947 Thread 0x0000000015349000 1536       3       java.util.LinkedList::unlink (91 bytes)
Event: 5.947 Thread 0x0000000015349000 nmethod 1536 0x00000000031a2a10 code [0x00000000031a2b80, 0x00000000031a2e50]
Event: 5.955 Thread 0x0000000015349000 1537       3       org.gradle.internal.service.AbstractServiceMethod::<init> (42 bytes)
Event: 5.958 Thread 0x0000000015349000 nmethod 1537 0x00000000031a2f50 code [0x00000000031a31c0, 0x00000000031a44a8]

GC Heap History (8 events):
Event: 1.953 GC heap before
{Heap before GC invocations=1 (full 0):
 PSYoungGen      total 37888K, used 32768K [0x00000000eab00000, 0x00000000ed500000, 0x0000000100000000)
  eden space 32768K, 100% used [0x00000000eab00000,0x00000000ecb00000,0x00000000ecb00000)
  from space 5120K, 0% used [0x00000000ed000000,0x00000000ed000000,0x00000000ed500000)
  to   space 5120K, 0% used [0x00000000ecb00000,0x00000000ecb00000,0x00000000ed000000)
 ParOldGen       total 86016K, used 0K [0x00000000c0000000, 0x00000000c5400000, 0x00000000eab00000)
  object space 86016K, 0% used [0x00000000c0000000,0x00000000c0000000,0x00000000c5400000)
 Metaspace       used 7195K, capacity 7376K, committed 7680K, reserved 1056768K
  class space    used 883K, capacity 968K, committed 1024K, reserved 1048576K
Event: 1.967 GC heap after
Heap after GC invocations=1 (full 0):
 PSYoungGen      total 37888K, used 4387K [0x00000000eab00000, 0x00000000ed500000, 0x0000000100000000)
  eden space 32768K, 0% used [0x00000000eab00000,0x00000000eab00000,0x00000000ecb00000)
  from space 5120K, 85% used [0x00000000ecb00000,0x00000000ecf48e50,0x00000000ed000000)
  to   space 5120K, 0% used [0x00000000ed000000,0x00000000ed000000,0x00000000ed500000)
 ParOldGen       total 86016K, used 8K [0x00000000c0000000, 0x00000000c5400000, 0x00000000eab00000)
  object space 86016K, 0% used [0x00000000c0000000,0x00000000c0002000,0x00000000c5400000)
 Metaspace       used 7195K, capacity 7376K, committed 7680K, reserved 1056768K
  class space    used 883K, capacity 968K, committed 1024K, reserved 1048576K
}
Event: 2.569 GC heap before
{Heap before GC invocations=2 (full 0):
 PSYoungGen      total 37888K, used 37155K [0x00000000eab00000, 0x00000000ed500000, 0x0000000100000000)
  eden space 32768K, 100% used [0x00000000eab00000,0x00000000ecb00000,0x00000000ecb00000)
  from space 5120K, 85% used [0x00000000ecb00000,0x00000000ecf48e50,0x00000000ed000000)
  to   space 5120K, 0% used [0x00000000ed000000,0x00000000ed000000,0x00000000ed500000)
 ParOldGen       total 86016K, used 8K [0x00000000c0000000, 0x00000000c5400000, 0x00000000eab00000)
  object space 86016K, 0% used [0x00000000c0000000,0x00000000c0002000,0x00000000c5400000)
 Metaspace       used 7423K, capacity 7624K, committed 7680K, reserved 1056768K
  class space    used 907K, capacity 1008K, committed 1024K, reserved 1048576K
Event: 2.576 GC heap after
Heap after GC invocations=2 (full 0):
 PSYoungGen      total 37888K, used 3217K [0x00000000eab00000, 0x00000000ed500000, 0x0000000100000000)
  eden space 32768K, 0% used [0x00000000eab00000,0x00000000eab00000,0x00000000ecb00000)
  from space 5120K, 62% used [0x00000000ed000000,0x00000000ed324588,0x00000000ed500000)
  to   space 5120K, 0% used [0x00000000ecb00000,0x00000000ecb00000,0x00000000ed000000)
 ParOldGen       total 86016K, used 16K [0x00000000c0000000, 0x00000000c5400000, 0x00000000eab00000)
  object space 86016K, 0% used [0x00000000c0000000,0x00000000c0004000,0x00000000c5400000)
 Metaspace       used 7423K, capacity 7624K, committed 7680K, reserved 1056768K
  class space    used 907K, capacity 1008K, committed 1024K, reserved 1048576K
}
Event: 4.746 GC heap before
{Heap before GC invocations=3 (full 0):
 PSYoungGen      total 37888K, used 35985K [0x00000000eab00000, 0x00000000ed500000, 0x0000000100000000)
  eden space 32768K, 100% used [0x00000000eab00000,0x00000000ecb00000,0x00000000ecb00000)
  from space 5120K, 62% used [0x00000000ed000000,0x00000000ed324588,0x00000000ed500000)
  to   space 5120K, 0% used [0x00000000ecb00000,0x00000000ecb00000,0x00000000ed000000)
 ParOldGen       total 86016K, used 16K [0x00000000c0000000, 0x00000000c5400000, 0x00000000eab00000)
  object space 86016K, 0% used [0x00000000c0000000,0x00000000c0004000,0x00000000c5400000)
 Metaspace       used 12014K, capacity 12356K, committed 12544K, reserved 1060864K
  class space    used 1595K, capacity 1730K, committed 1792K, reserved 1048576K
Event: 4.768 GC heap after
Heap after GC invocations=3 (full 0):
 PSYoungGen      total 37888K, used 5088K [0x00000000eab00000, 0x00000000ed500000, 0x0000000100000000)
  eden space 32768K, 0% used [0x00000000eab00000,0x00000000eab00000,0x00000000ecb00000)
  from space 5120K, 99% used [0x00000000ecb00000,0x00000000ecff8020,0x00000000ed000000)
  to   space 5120K, 0% used [0x00000000ed000000,0x00000000ed000000,0x00000000ed500000)
 ParOldGen       total 86016K, used 1163K [0x00000000c0000000, 0x00000000c5400000, 0x00000000eab00000)
  object space 86016K, 1% used [0x00000000c0000000,0x00000000c0122d30,0x00000000c5400000)
 Metaspace       used 12014K, capacity 12356K, committed 12544K, reserved 1060864K
  class space    used 1595K, capacity 1730K, committed 1792K, reserved 1048576K
}
Event: 5.731 GC heap before
{Heap before GC invocations=4 (full 0):
 PSYoungGen      total 37888K, used 37856K [0x00000000eab00000, 0x00000000ed500000, 0x0000000100000000)
  eden space 32768K, 100% used [0x00000000eab00000,0x00000000ecb00000,0x00000000ecb00000)
  from space 5120K, 99% used [0x00000000ecb00000,0x00000000ecff8020,0x00000000ed000000)
  to   space 5120K, 0% used [0x00000000ed000000,0x00000000ed000000,0x00000000ed500000)
 ParOldGen       total 86016K, used 1163K [0x00000000c0000000, 0x00000000c5400000, 0x00000000eab00000)
  object space 86016K, 1% used [0x00000000c0000000,0x00000000c0122d30,0x00000000c5400000)
 Metaspace       used 15220K, capacity 15660K, committed 15872K, reserved 1062912K
  class space    used 2029K, capacity 2186K, committed 2304K, reserved 1048576K
Event: 5.765 GC heap after
Heap after GC invocations=4 (full 0):
 PSYoungGen      total 37888K, used 5106K [0x00000000eab00000, 0x00000000ef500000, 0x0000000100000000)
  eden space 32768K, 0% used [0x00000000eab00000,0x00000000eab00000,0x00000000ecb00000)
  from space 5120K, 99% used [0x00000000ed000000,0x00000000ed4fc920,0x00000000ed500000)
  to   space 5120K, 0% used [0x00000000ecb00000,0x00000000ecb00000,0x00000000ed000000)
 ParOldGen       total 86016K, used 3579K [0x00000000c0000000, 0x00000000c5400000, 0x00000000eab00000)
  object space 86016K, 4% used [0x00000000c0000000,0x00000000c037ee48,0x00000000c5400000)
 Metaspace       used 15220K, capacity 15660K, committed 15872K, reserved 1062912K
  class space    used 2029K, capacity 2186K, committed 2304K, reserved 1048576K
}

Deoptimization events (10 events):
Event: 4.590 Thread 0x000000001900e800 Uncommon trap: reason=unstable_if action=reinterpret pc=0x0000000003063c9c method=java.util.concurrent.ConcurrentHashMap.putVal(Ljava/lang/Object;Ljava/lang/Object;Z)Ljava/lang/Object; @ 206
Event: 4.625 Thread 0x000000001900e800 Uncommon trap: reason=unstable_if action=reinterpret pc=0x0000000002f97cc8 method=java.lang.String.substring(I)Ljava/lang/String; @ 35
Event: 4.785 Thread 0x0000000019068000 Uncommon trap: reason=bimorphic action=maybe_recompile pc=0x0000000002f35bdc method=java.util.HashMap.putVal(ILjava/lang/Object;Ljava/lang/Object;ZZ)Ljava/lang/Object; @ 253
Event: 4.785 Thread 0x0000000019068000 Uncommon trap: reason=bimorphic action=maybe_recompile pc=0x0000000002f35bdc method=java.util.HashMap.putVal(ILjava/lang/Object;Ljava/lang/Object;ZZ)Ljava/lang/Object; @ 253
Event: 4.785 Thread 0x0000000019068000 Uncommon trap: reason=class_check action=maybe_recompile pc=0x0000000002f36504 method=java.util.HashMap.putVal(ILjava/lang/Object;Ljava/lang/Object;ZZ)Ljava/lang/Object; @ 203
Event: 4.785 Thread 0x0000000019068000 Uncommon trap: reason=class_check action=maybe_recompile pc=0x0000000002f36504 method=java.util.HashMap.putVal(ILjava/lang/Object;Ljava/lang/Object;ZZ)Ljava/lang/Object; @ 203
Event: 5.349 Thread 0x0000000019068000 Uncommon trap: reason=class_check action=maybe_recompile pc=0x0000000002fa0a98 method=java.util.regex.Matcher.match(II)Z @ 86
Event: 5.350 Thread 0x0000000019068000 Uncommon trap: reason=class_check action=maybe_recompile pc=0x0000000002fa0a98 method=java.util.regex.Matcher.match(II)Z @ 86
Event: 5.351 Thread 0x0000000019068000 Uncommon trap: reason=class_check action=maybe_recompile pc=0x0000000002fa0a98 method=java.util.regex.Matcher.match(II)Z @ 86
Event: 5.351 Thread 0x0000000019068000 Uncommon trap: reason=class_check action=maybe_recompile pc=0x0000000002e21a8c method=java.util.regex.Matcher.match(II)Z @ 86

Classes redefined (0 events):
No events

Internal exceptions (10 events):
Event: 4.598 Thread 0x000000001900e800 Exception <a 'java/lang/NoSuchMethodError': <clinit>> (0x00000000ec8c2e98) thrown at [C:\src\AOSP-openjdk-git\hotspot\src\share\vm\prims\jni.cpp, line 1615]
Event: 4.605 Thread 0x000000001900e800 Exception <a 'java/lang/NoSuchMethodError': <clinit>> (0x00000000ec8d5900) thrown at [C:\src\AOSP-openjdk-git\hotspot\src\share\vm\prims\jni.cpp, line 1615]
Event: 4.611 Thread 0x000000001900e800 Exception <a 'java/lang/NoSuchMethodError': <clinit>> (0x00000000ec8fc640) thrown at [C:\src\AOSP-openjdk-git\hotspot\src\share\vm\prims\jni.cpp, line 1615]
Event: 4.615 Thread 0x000000001900e800 Exception <a 'java/lang/NoSuchMethodError': <clinit>> (0x00000000ec914288) thrown at [C:\src\AOSP-openjdk-git\hotspot\src\share\vm\prims\jni.cpp, line 1615]
Event: 4.617 Thread 0x000000001900e800 Exception <a 'java/lang/NoSuchMethodError': <clinit>> (0x00000000ec91ce28) thrown at [C:\src\AOSP-openjdk-git\hotspot\src\share\vm\prims\jni.cpp, line 1615]
Event: 4.621 Thread 0x000000001900e800 Exception <a 'java/lang/NoSuchMethodError': <clinit>> (0x00000000ec9332b8) thrown at [C:\src\AOSP-openjdk-git\hotspot\src\share\vm\prims\jni.cpp, line 1615]
Event: 4.639 Thread 0x000000001900e800 Exception <a 'java/lang/NoSuchMethodError': <clinit>> (0x00000000ec98db40) thrown at [C:\src\AOSP-openjdk-git\hotspot\src\share\vm\prims\jni.cpp, line 1615]
Event: 4.650 Thread 0x000000001900e800 Exception <a 'java/lang/NoSuchMethodError': <clinit>> (0x00000000ec9ba4b0) thrown at [C:\src\AOSP-openjdk-git\hotspot\src\share\vm\prims\jni.cpp, line 1615]
Event: 4.676 Thread 0x000000001900e800 Exception <a 'java/lang/NoSuchMethodError': <clinit>> (0x00000000ec9e7c98) thrown at [C:\src\AOSP-openjdk-git\hotspot\src\share\vm\prims\jni.cpp, line 1615]
Event: 4.677 Thread 0x000000001900e800 Exception <a 'java/lang/NoSuchMethodError': <clinit>> (0x00000000ec9f2d20) thrown at [C:\src\AOSP-openjdk-git\hotspot\src\share\vm\prims\jni.cpp, line 1615]

Events (10 events):
Event: 5.977 loading class org/gradle/api/publish/maven/internal/MavenPublishServices$ComponentRegistrationAction
Event: 5.977 loading class org/gradle/api/publish/maven/internal/MavenPublishServices$ComponentRegistrationAction done
Event: 5.978 loading class org/gradle/api/publication/maven/internal/MavenFactory
Event: 5.978 loading class org/gradle/api/publication/maven/internal/MavenFactory done
Event: 5.979 loading class org/gradle/api/publication/maven/internal/VersionRangeMapper
Event: 5.979 loading class org/gradle/api/publication/maven/internal/VersionRangeMapper done
Event: 5.980 loading class org/gradle/api/publish/internal/validation/DuplicatePublicationTracker
Event: 5.980 loading class org/gradle/api/publish/internal/validation/DuplicatePublicationTracker done
Event: 5.986 loading class org/gradle/api/publish/maven/internal/publisher/MavenDuplicatePublicationTracker
Event: 5.986 loading class org/gradle/api/publish/maven/internal/publisher/MavenDuplicatePublicationTracker done


Dynamic libraries:
0x00007ff7c07e0000 - 0x00007ff7c0811000 	C:\Program Files\Android\Android Studio\jre\bin\java.exe
0x00007ffb2a640000 - 0x00007ffb2a830000 	C:\WINDOWS\SYSTEM32\ntdll.dll
0x00007ffb29400000 - 0x00007ffb294b2000 	C:\WINDOWS\System32\KERNEL32.DLL
0x00007ffb27980000 - 0x00007ffb27c24000 	C:\WINDOWS\System32\KERNELBASE.dll
0x00007ffb2a490000 - 0x00007ffb2a533000 	C:\WINDOWS\System32\ADVAPI32.dll
0x00007ffb29ca0000 - 0x00007ffb29d3e000 	C:\WINDOWS\System32\msvcrt.dll
0x00007ffb2a560000 - 0x00007ffb2a5f7000 	C:\WINDOWS\System32\sechost.dll
0x00007ffb288a0000 - 0x00007ffb289c0000 	C:\WINDOWS\System32\RPCRT4.dll
0x00007ffb29e20000 - 0x00007ffb29fb4000 	C:\WINDOWS\System32\USER32.dll
0x00007ffb27e30000 - 0x00007ffb27e51000 	C:\WINDOWS\System32\win32u.dll
0x00007ffb28760000 - 0x00007ffb28786000 	C:\WINDOWS\System32\GDI32.dll
0x00007ffb275d0000 - 0x00007ffb27764000 	C:\WINDOWS\System32\gdi32full.dll
0x00007ffb27eb0000 - 0x00007ffb27f4e000 	C:\WINDOWS\System32\msvcp_win.dll
0x00007ffb27880000 - 0x00007ffb2797a000 	C:\WINDOWS\System32\ucrtbase.dll
0x00007ffb1be70000 - 0x00007ffb1c0f4000 	C:\WINDOWS\WinSxS\amd64_microsoft.windows.common-controls_6595b64144ccf1df_6.0.18362.836_none_e6c4b943130f18ed\COMCTL32.dll
0x00007ffb2a150000 - 0x00007ffb2a486000 	C:\WINDOWS\System32\combase.dll
0x00007ffb277d0000 - 0x00007ffb27850000 	C:\WINDOWS\System32\bcryptPrimitives.dll
0x00007ffb28bd0000 - 0x00007ffb28bfe000 	C:\WINDOWS\System32\IMM32.DLL
0x0000000068d50000 - 0x0000000068e22000 	C:\Program Files\Android\Android Studio\jre\jre\bin\msvcr100.dll
0x00000000697c0000 - 0x000000006a00b000 	C:\Program Files\Android\Android Studio\jre\jre\bin\server\jvm.dll
0x00007ffb28c60000 - 0x00007ffb28c68000 	C:\WINDOWS\System32\PSAPI.DLL
0x00007ffb150d0000 - 0x00007ffb150d9000 	C:\WINDOWS\SYSTEM32\WSOCK32.dll
0x00007ffb29540000 - 0x00007ffb295af000 	C:\WINDOWS\System32\WS2_32.dll
0x00007ffb241b0000 - 0x00007ffb241d4000 	C:\WINDOWS\SYSTEM32\WINMM.dll
0x00007ffb21640000 - 0x00007ffb2164a000 	C:\WINDOWS\SYSTEM32\VERSION.dll
0x00007ffb24180000 - 0x00007ffb241ad000 	C:\WINDOWS\SYSTEM32\WINMMBASE.dll
0x00007ffb27e60000 - 0x00007ffb27eaa000 	C:\WINDOWS\System32\cfgmgr32.dll
0x00007ffb23ed0000 - 0x00007ffb23edf000 	C:\Program Files\Android\Android Studio\jre\jre\bin\verify.dll
0x00007ffb20490000 - 0x00007ffb204b9000 	C:\Program Files\Android\Android Studio\jre\jre\bin\java.dll
0x00007ffb23eb0000 - 0x00007ffb23ec6000 	C:\Program Files\Android\Android Studio\jre\jre\bin\zip.dll
0x00007ffb295b0000 - 0x00007ffb29c94000 	C:\WINDOWS\System32\SHELL32.dll
0x00007ffb287f0000 - 0x00007ffb28899000 	C:\WINDOWS\System32\shcore.dll
0x00007ffb27f50000 - 0x00007ffb286ce000 	C:\WINDOWS\System32\windows.storage.dll
0x00007ffb27560000 - 0x00007ffb27583000 	C:\WINDOWS\System32\profapi.dll
0x00007ffb27510000 - 0x00007ffb2755a000 	C:\WINDOWS\System32\powrprof.dll
0x00007ffb27500000 - 0x00007ffb27510000 	C:\WINDOWS\System32\UMPDC.dll
0x00007ffb28c00000 - 0x00007ffb28c52000 	C:\WINDOWS\System32\shlwapi.dll
0x00007ffb27590000 - 0x00007ffb275a1000 	C:\WINDOWS\System32\kernel.appcore.dll
0x00007ffb286d0000 - 0x00007ffb286e7000 	C:\WINDOWS\System32\cryptsp.dll
0x00007ffb20470000 - 0x00007ffb2048a000 	C:\Program Files\Android\Android Studio\jre\jre\bin\net.dll
0x00007ffb26d10000 - 0x00007ffb26d77000 	C:\WINDOWS\system32\mswsock.dll
0x00007ffb20450000 - 0x00007ffb20463000 	C:\Program Files\Android\Android Studio\jre\jre\bin\nio.dll
0x00007ffb1a580000 - 0x00007ffb1a5a6000 	C:\Users\TOSHIBA\.gradle\native\31\windows-amd64\native-platform.dll
0x00007ffb20440000 - 0x00007ffb2044d000 	C:\Program Files\Android\Android Studio\jre\jre\bin\management.dll
0x00007ffb26880000 - 0x00007ffb268b3000 	C:\WINDOWS\system32\rsaenh.dll
0x00007ffb27850000 - 0x00007ffb27876000 	C:\WINDOWS\System32\bcrypt.dll
0x00007ffb27420000 - 0x00007ffb27445000 	C:\WINDOWS\SYSTEM32\USERENV.dll
0x00007ffb26ee0000 - 0x00007ffb26eec000 	C:\WINDOWS\SYSTEM32\CRYPTBASE.dll
0x00007ffb26a20000 - 0x00007ffb26a5a000 	C:\WINDOWS\SYSTEM32\IPHLPAPI.DLL
0x00007ffb29e10000 - 0x00007ffb29e18000 	C:\WINDOWS\System32\NSI.dll
0x00007ffb20b80000 - 0x00007ffb20b96000 	C:\WINDOWS\SYSTEM32\dhcpcsvc6.DLL
0x00007ffb217a0000 - 0x00007ffb217bc000 	C:\WINDOWS\SYSTEM32\dhcpcsvc.DLL
0x00007ffb26a60000 - 0x00007ffb26b2b000 	C:\WINDOWS\SYSTEM32\DNSAPI.dll

VM Arguments:
jvm_args: -Xmx1024m -Dfile.encoding=windows-1252 -Duser.country=US -Duser.language=en -Duser.variant 
java_command: org.gradle.launcher.daemon.bootstrap.GradleDaemon 6.1.1
java_class_path (initial): C:\Users\TOSHIBA\.gradle\wrapper\dists\gradle-6.1.1-all\cfmwm155h49vnt3hynmlrsdst\gradle-6.1.1\lib\gradle-launcher-6.1.1.jar
Launcher Type: SUN_STANDARD

Environment Variables:
JAVA_HOME=C:\Program Files\Java\jdk-13.0.1
CLASSPATH=C:\Program Files\Java\jdk-13.0.1\lib
PATH=C:\Program Files (x86)\Common Files\Oracle\Java\javapath;E:\app\OracleHome\product\12.2.0\dbhome_1\bin;D:\app\reihanbay\product\12.2.0\dbhome_1\bin;C:\Program Files\Git\cmd;C:\ProgramData\chocolatey\bin;C:\Program Files (x86)\AMD\ATI.ACE\Core-Static;C:\xampp\php;C:\ProgramData\ComposerSetup\bin;C:\WINDOWS\system32;C:\WINDOWS;C:\WINDOWS\System32\Wbem;C:\WINDOWS\System32\WindowsPowerShell\v1.0\;C:\WINDOWS\System32\OpenSSH\;C:\Program Files\nodejs\;C:\Program Files\dotnet\;C:\Program Files\PuTTY\;C:\Users\TOSHIBA\AppData\Local\Microsoft\WindowsApps;C:\Program Files\Java\jdk-13.0.1\bin;C:\Users\TOSHIBA\AppData\Local\Android\Sdk\emulator;C:\Users\TOSHIBA\AppData\Local\Android\Sdk\platform-tools;C:\Users\TOSHIBA\AppData\Local\Android\Sdk\tools\bin;C:\Users\TOSHIBA\AppData\Local\Android\Sdk\tools;E:\file Software\Microsoft VS Code\bin;C:\Users\TOSHIBA\AppData\Roaming\Composer\vendor\bin;C:\Users\TOSHIBA\AppData\Roaming\npm;C:\Program Files (x86)\Gradle\gradle-6.5.1\bin;
USERNAME=TOSHIBA
OS=Windows_NT
PROCESSOR_IDENTIFIER=Intel64 Family 6 Model 37 Stepping 5, GenuineIntel



---------------  S Y S T E M  ---------------

OS: Windows 10.0 , 64 bit Build 18362 (10.0.18362.778)

CPU:total 4 (initial active 4) (2 cores per cpu, 2 threads per core) family 6 model 37 stepping 5, cmov, cx8, fxsr, mmx, sse, sse2, sse3, ssse3, sse4.1, sse4.2, popcnt, ht, tsc, tscinvbit

Memory: 4k page, physical 8247148k(884568k free), swap 14391148k(4444k free)

vm_info: OpenJDK 64-Bit Server VM (25.242-b01) for windows-amd64 JRE (1.8.0_242-release-1644-b01), built by "builder" with MS VC++ 10.0 (VS2010)

time: Sun Oct 04 15:39:46 2020
timezone: SE Asia Standard Time
elapsed time: 6 seconds (0d 0h 0m 6s)

