#
# There is insufficient memory for the Java Runtime Environment to continue.
# Native memory allocation (malloc) failed to allocate 487216 bytes for Chunk::new
# Possible reasons:
#   The system is out of physical RAM or swap space
#   The process is running with CompressedOops enabled, and the Java Heap may be blocking the growth of the native heap
# Possible solutions:
#   Reduce memory load on the system
#   Increase physical memory or swap space
#   Check if swap backing store is full
#   Decrease Java heap size (-Xmx/-Xms)
#   Decrease number of Java threads
#   Decrease Java thread stack sizes (-Xss)
#   Set larger code cache with -XX:ReservedCodeCacheSize=
#   JVM is running with Unscaled Compressed Oops mode in which the Java heap is
#     placed in the first 4GB address space. The Java Heap base address is the
#     maximum limit for the native heap growth. Please use -XX:HeapBaseMinAddress
#     to set the Java Heap base and to place the Java Heap above 4GB virtual address.
# This output file may be truncated or incomplete.
#
#  Out of Memory Error (allocation.cpp:389), pid=13536, tid=0x0000000000001d10
#
# JRE version: OpenJDK Runtime Environment (8.0_242-b01) (build 1.8.0_242-release-1644-b01)
# Java VM: OpenJDK 64-Bit Server VM (25.242-b01 mixed mode windows-amd64 compressed oops)
# Failed to write core dump. Minidumps are not enabled by default on client versions of Windows
#

---------------  T H R E A D  ---------------

Current thread (0x0000000017b09000):  JavaThread "C2 CompilerThread0" daemon [_thread_in_native, id=7440, stack(0x0000000019160000,0x0000000019260000)]

Stack: [0x0000000019160000,0x0000000019260000]
[error occurred during error reporting (printing stack bounds), id 0xc0000005]

Native frames: (J=compiled Java code, j=interpreted, Vv=VM code, C=native code)


Current CompileTask:
C2:  44026 4073   !   4       java.util.jar.Attributes::read (380 bytes)


---------------  P R O C E S S  ---------------

Java Threads: ( => current thread )
  0x000000001ef53000 JavaThread "Cache worker for Build Output Cleanup Cache (B:\Project\ArkademyBootcamp\Hira\.gradle\buildOutputCleanup)" [_thread_blocked, id=10724, stack(0x0000000022d00000,0x0000000022e00000)]
  0x000000001ef51000 JavaThread "Build operations Thread 4" [_thread_blocked, id=12316, stack(0x0000000022400000,0x0000000022500000)]
  0x000000001ef55800 JavaThread "Build operations Thread 3" [_thread_blocked, id=2196, stack(0x0000000022300000,0x0000000022400000)]
  0x000000001ef4f800 JavaThread "Build operations Thread 2" [_thread_blocked, id=7792, stack(0x0000000022200000,0x0000000022300000)]
  0x000000001ef52800 JavaThread "Build operations" [_thread_blocked, id=1968, stack(0x0000000022100000,0x0000000022200000)]
  0x000000001adac000 JavaThread "Cache worker for execution history cache (C:\Users\TOSHIBA\.gradle\caches\6.1.1\executionHistory)" [_thread_blocked, id=6456, stack(0x0000000021400000,0x0000000021500000)]
  0x000000001adaa800 JavaThread "Cache worker for cache directory md-rule (C:\Users\TOSHIBA\.gradle\caches\6.1.1\md-rule)" [_thread_blocked, id=2744, stack(0x0000000021300000,0x0000000021400000)]
  0x000000001adaa000 JavaThread "Cache worker for cache directory md-supplier (C:\Users\TOSHIBA\.gradle\caches\6.1.1\md-supplier)" [_thread_blocked, id=11512, stack(0x0000000020220000,0x0000000020320000)]
  0x000000001ada9000 JavaThread "Cache worker for file hash cache (B:\Project\ArkademyBootcamp\Hira\.gradle\6.1.1\fileHashes)" [_thread_blocked, id=7976, stack(0x000000001fd20000,0x000000001fe20000)]
  0x000000001adae800 JavaThread "Cache worker for checksums cache (B:\Project\ArkademyBootcamp\Hira\.gradle\checksums)" [_thread_blocked, id=3540, stack(0x000000001fc20000,0x000000001fd20000)]
  0x000000001adad800 JavaThread "Cache worker for file hash cache (C:\Users\TOSHIBA\.gradle\caches\6.1.1\fileHashes)" [_thread_blocked, id=9380, stack(0x000000001e850000,0x000000001e950000)]
  0x000000001ada8800 JavaThread "File lock request listener" [_thread_in_native, id=12220, stack(0x000000001c7b0000,0x000000001c8b0000)]
  0x000000001adaf800 JavaThread "Cache worker for journal cache (C:\Users\TOSHIBA\.gradle\caches\journal-1)" [_thread_blocked, id=13876, stack(0x000000001c6b0000,0x000000001c7b0000)]
  0x0000000019cbd800 JavaThread "Thread-9" [_thread_blocked, id=12172, stack(0x000000001c3b0000,0x000000001c4b0000)]
  0x0000000019ad3000 JavaThread "Stdin handler" [_thread_blocked, id=13968, stack(0x000000001c2b0000,0x000000001c3b0000)]
  0x000000001a211000 JavaThread "Asynchronous log dispatcher for DefaultDaemonConnection: socket connection from /127.0.0.1:57343 to /127.0.0.1:57344" [_thread_blocked, id=10648, stack(0x000000001c1b0000,0x000000001c2b0000)]
  0x00000000195d4000 JavaThread "Daemon worker" [_thread_in_Java, id=4996, stack(0x000000001c0b0000,0x000000001c1b0000)]
  0x00000000195d2800 JavaThread "Cancel handler" [_thread_blocked, id=10468, stack(0x000000001bfb0000,0x000000001c0b0000)]
  0x0000000019601800 JavaThread "Handler for socket connection from /127.0.0.1:57343 to /127.0.0.1:57344" [_thread_in_native, id=6460, stack(0x000000001bcb0000,0x000000001bdb0000)]
  0x0000000019603800 JavaThread "Daemon" [_thread_blocked, id=4560, stack(0x000000001bbb0000,0x000000001bcb0000)]
  0x00000000195f3800 JavaThread "Daemon periodic checks" [_thread_blocked, id=1920, stack(0x000000001bab0000,0x000000001bbb0000)]
  0x00000000195f0800 JavaThread "Incoming local TCP Connector on port 57343" [_thread_in_native, id=11912, stack(0x000000001b870000,0x000000001b970000)]
  0x000000001971d000 JavaThread "Daemon health stats" [_thread_blocked, id=8060, stack(0x000000001b230000,0x000000001b330000)]
  0x0000000019367000 JavaThread "Service Thread" daemon [_thread_blocked, id=10620, stack(0x0000000019860000,0x0000000019960000)]
  0x0000000019361000 JavaThread "C1 CompilerThread2" daemon [_thread_blocked, id=1264, stack(0x0000000019760000,0x0000000019860000)]
  0x0000000002edc000 JavaThread "C2 CompilerThread1" daemon [_thread_blocked, id=6088, stack(0x0000000019260000,0x0000000019360000)]
=>0x0000000017b09000 JavaThread "C2 CompilerThread0" daemon [_thread_in_native, id=7440, stack(0x0000000019160000,0x0000000019260000)]
  0x0000000017b07800 JavaThread "Attach Listener" daemon [_thread_blocked, id=12356, stack(0x0000000019060000,0x0000000019160000)]
  0x0000000017b06800 JavaThread "Signal Dispatcher" daemon [_thread_blocked, id=3756, stack(0x0000000018f60000,0x0000000019060000)]
  0x0000000002ed5800 JavaThread "Finalizer" daemon [_thread_blocked, id=504, stack(0x0000000018d60000,0x0000000018e60000)]
  0x0000000017ae9000 JavaThread "Reference Handler" daemon [_thread_blocked, id=13524, stack(0x0000000018c60000,0x0000000018d60000)]
  0x0000000002dde800 JavaThread "main" [_thread_blocked, id=14092, stack(0x00000000013a0000,0x00000000014a0000)]

Other Threads:
  0x0000000017ac7800 VMThread [stack: 0x0000000018b60000,0x0000000018c60000] [id=12852]
  0x0000000019368000 WatcherThread [stack: 0x0000000019960000,0x0000000019a60000] [id=10968]

VM state:not at safepoint (normal execution)

VM Mutex/Monitor currently owned by a thread: None

heap address: 0x0000000080000000, size: 2048 MB, Compressed Oops mode: 32-bit
Narrow klass base: 0x0000000000000000, Narrow klass shift: 3
Compressed class space size: 1073741824 Address: 0x0000000100000000

Heap:
 PSYoungGen      total 137216K, used 112053K [0x00000000d5580000, 0x00000000e2800000, 0x0000000100000000)
  eden space 125952K, 88% used [0x00000000d5580000,0x00000000dc2ed690,0x00000000dd080000)
  from space 11264K, 0% used [0x00000000dd080000,0x00000000dd080000,0x00000000ddb80000)
  to   space 13312K, 0% used [0x00000000e1b00000,0x00000000e1b00000,0x00000000e2800000)
 ParOldGen       total 46592K, used 18486K [0x0000000080000000, 0x0000000082d80000, 0x00000000d5580000)
  object space 46592K, 39% used [0x0000000080000000,0x000000008120d850,0x0000000082d80000)
 Metaspace       used 44380K, capacity 45930K, committed 46120K, reserved 1089536K
  class space    used 5987K, capacity 6351K, committed 6440K, reserved 1048576K

Card table byte_map: [0x00000000122a0000,0x00000000126b0000] byte_map_base: 0x0000000011ea0000

Marking Bits: (ParMarkBitMap*) 0x0000000069f8f030
 Begin Bits: [0x0000000012d60000, 0x0000000014d60000)
 End Bits:   [0x0000000014d60000, 0x0000000016d60000)

Polling page: 0x0000000001370000

CodeCache: size=245760Kb used=13227Kb max_used=13232Kb free=232532Kb
 bounds [0x0000000002ee0000, 0x0000000003be0000, 0x0000000011ee0000]
 total_blobs=4566 nmethods=3824 adapters=656
 compilation: enabled

Compilation events (10 events):
Event: 44.003 Thread 0x0000000002edc000 nmethod 4092 0x000000000314afd0 code [0x000000000314b100, 0x000000000314b298]
Event: 44.006 Thread 0x0000000019361000 4093       3       sun.security.util.DerValue::isPrintableStringChar (184 bytes)
Event: 44.007 Thread 0x0000000019361000 nmethod 4093 0x00000000032e8150 code [0x00000000032e82c0, 0x00000000032e85b0]
Event: 44.007 Thread 0x0000000019361000 4094  s    3       java.io.ByteArrayInputStream::reset (9 bytes)
Event: 44.008 Thread 0x0000000019361000 nmethod 4094 0x00000000032e7c90 code [0x00000000032e7de0, 0x00000000032e8090]
Event: 44.013 Thread 0x0000000019361000 4095       3       java.security.MessageDigestSpi::<init> (5 bytes)
Event: 44.013 Thread 0x0000000019361000 nmethod 4095 0x000000000314c890 code [0x000000000314c9e0, 0x000000000314cb90]
Event: 44.016 Thread 0x0000000019361000 4096       3       java.util.Arrays::equals (54 bytes)
Event: 44.016 Thread 0x0000000019361000 nmethod 4096 0x000000000314c290 code [0x000000000314c400, 0x000000000314c770]
Event: 44.022 Thread 0x0000000019361000 4097       3       java.math.MutableBigInteger::mulsub (110 bytes)

GC Heap History (10 events):
Event: 19.884 GC heap before
{Heap before GC invocations=7 (full 0):
 PSYoungGen      total 74752K, used 11011K [0x00000000d5580000, 0x00000000dab80000, 0x0000000100000000)
  eden space 64512K, 3% used [0x00000000d5580000,0x00000000d57d4a98,0x00000000d9480000)
  from space 10240K, 84% used [0x00000000d9f80000,0x00000000da7ec360,0x00000000da980000)
  to   space 11264K, 0% used [0x00000000d9480000,0x00000000d9480000,0x00000000d9f80000)
 ParOldGen       total 86016K, used 6648K [0x0000000080000000, 0x0000000085400000, 0x00000000d5580000)
  object space 86016K, 7% used [0x0000000080000000,0x000000008067e2d8,0x0000000085400000)
 Metaspace       used 20642K, capacity 21228K, committed 21296K, reserved 1067008K
  class space    used 2885K, capacity 3084K, committed 3120K, reserved 1048576K
Event: 19.912 GC heap after
Heap after GC invocations=7 (full 0):
 PSYoungGen      total 75776K, used 4128K [0x00000000d5580000, 0x00000000de880000, 0x0000000100000000)
  eden space 64512K, 0% used [0x00000000d5580000,0x00000000d5580000,0x00000000d9480000)
  from space 11264K, 36% used [0x00000000d9480000,0x00000000d9888030,0x00000000d9f80000)
  to   space 10752K, 0% used [0x00000000dde00000,0x00000000dde00000,0x00000000de880000)
 ParOldGen       total 86016K, used 8860K [0x0000000080000000, 0x0000000085400000, 0x00000000d5580000)
  object space 86016K, 10% used [0x0000000080000000,0x00000000808a7338,0x0000000085400000)
 Metaspace       used 20642K, capacity 21228K, committed 21296K, reserved 1067008K
  class space    used 2885K, capacity 3084K, committed 3120K, reserved 1048576K
}
Event: 19.912 GC heap before
{Heap before GC invocations=8 (full 1):
 PSYoungGen      total 75776K, used 4128K [0x00000000d5580000, 0x00000000de880000, 0x0000000100000000)
  eden space 64512K, 0% used [0x00000000d5580000,0x00000000d5580000,0x00000000d9480000)
  from space 11264K, 36% used [0x00000000d9480000,0x00000000d9888030,0x00000000d9f80000)
  to   space 10752K, 0% used [0x00000000dde00000,0x00000000dde00000,0x00000000de880000)
 ParOldGen       total 86016K, used 8860K [0x0000000080000000, 0x0000000085400000, 0x00000000d5580000)
  object space 86016K, 10% used [0x0000000080000000,0x00000000808a7338,0x0000000085400000)
 Metaspace       used 20642K, capacity 21228K, committed 21296K, reserved 1067008K
  class space    used 2885K, capacity 3084K, committed 3120K, reserved 1048576K
Event: 20.036 GC heap after
Heap after GC invocations=8 (full 1):
 PSYoungGen      total 75776K, used 0K [0x00000000d5580000, 0x00000000de880000, 0x0000000100000000)
  eden space 64512K, 0% used [0x00000000d5580000,0x00000000d5580000,0x00000000d9480000)
  from space 11264K, 0% used [0x00000000d9480000,0x00000000d9480000,0x00000000d9f80000)
  to   space 10752K, 0% used [0x00000000dde00000,0x00000000dde00000,0x00000000de880000)
 ParOldGen       total 46592K, used 6979K [0x0000000080000000, 0x0000000082d80000, 0x00000000d5580000)
  object space 46592K, 14% used [0x0000000080000000,0x00000000806d0ea8,0x0000000082d80000)
 Metaspace       used 20642K, capacity 21228K, committed 21296K, reserved 1067008K
  class space    used 2885K, capacity 3084K, committed 3120K, reserved 1048576K
}
Event: 26.282 GC heap before
{Heap before GC invocations=9 (full 1):
 PSYoungGen      total 75776K, used 64512K [0x00000000d5580000, 0x00000000de880000, 0x0000000100000000)
  eden space 64512K, 100% used [0x00000000d5580000,0x00000000d9480000,0x00000000d9480000)
  from space 11264K, 0% used [0x00000000d9480000,0x00000000d9480000,0x00000000d9f80000)
  to   space 10752K, 0% used [0x00000000dde00000,0x00000000dde00000,0x00000000de880000)
 ParOldGen       total 46592K, used 6979K [0x0000000080000000, 0x0000000082d80000, 0x00000000d5580000)
  object space 46592K, 14% used [0x0000000080000000,0x00000000806d0ea8,0x0000000082d80000)
 Metaspace       used 28298K, capacity 28916K, committed 29232K, reserved 1075200K
  class space    used 3898K, capacity 4127K, committed 4144K, reserved 1048576K
Event: 26.319 GC heap after
Heap after GC invocations=9 (full 1):
 PSYoungGen      total 132096K, used 8327K [0x00000000d5580000, 0x00000000de680000, 0x0000000100000000)
  eden space 123392K, 0% used [0x00000000d5580000,0x00000000d5580000,0x00000000dce00000)
  from space 8704K, 95% used [0x00000000dde00000,0x00000000de621c80,0x00000000de680000)
  to   space 11264K, 0% used [0x00000000dd080000,0x00000000dd080000,0x00000000ddb80000)
 ParOldGen       total 46592K, used 6987K [0x0000000080000000, 0x0000000082d80000, 0x00000000d5580000)
  object space 46592K, 14% used [0x0000000080000000,0x00000000806d2ea8,0x0000000082d80000)
 Metaspace       used 28298K, capacity 28916K, committed 29232K, reserved 1075200K
  class space    used 3898K, capacity 4127K, committed 4144K, reserved 1048576K
}
Event: 34.473 GC heap before
{Heap before GC invocations=10 (full 1):
 PSYoungGen      total 132096K, used 122334K [0x00000000d5580000, 0x00000000de680000, 0x0000000100000000)
  eden space 123392K, 92% used [0x00000000d5580000,0x00000000dc4d5cc8,0x00000000dce00000)
  from space 8704K, 95% used [0x00000000dde00000,0x00000000de621c80,0x00000000de680000)
  to   space 11264K, 0% used [0x00000000dd080000,0x00000000dd080000,0x00000000ddb80000)
 ParOldGen       total 46592K, used 6987K [0x0000000080000000, 0x0000000082d80000, 0x00000000d5580000)
  object space 46592K, 14% used [0x0000000080000000,0x00000000806d2ea8,0x0000000082d80000)
 Metaspace       used 34500K, capacity 35342K, committed 35496K, reserved 1079296K
  class space    used 4721K, capacity 4934K, committed 5032K, reserved 1048576K
Event: 34.516 GC heap after
Heap after GC invocations=10 (full 1):
 PSYoungGen      total 137216K, used 11232K [0x00000000d5580000, 0x00000000e2800000, 0x0000000100000000)
  eden space 125952K, 0% used [0x00000000d5580000,0x00000000d5580000,0x00000000dd080000)
  from space 11264K, 99% used [0x00000000dd080000,0x00000000ddb781b0,0x00000000ddb80000)
  to   space 13312K, 0% used [0x00000000e1b00000,0x00000000e1b00000,0x00000000e2800000)
 ParOldGen       total 46592K, used 7852K [0x0000000080000000, 0x0000000082d80000, 0x00000000d5580000)
  object space 46592K, 16% used [0x0000000080000000,0x00000000807ab108,0x0000000082d80000)
 Metaspace       used 34500K, capacity 35342K, committed 35496K, reserved 1079296K
  class space    used 4721K, capacity 4934K, committed 5032K, reserved 1048576K
}
Event: 34.516 GC heap before
{Heap before GC invocations=11 (full 2):
 PSYoungGen      total 137216K, used 11232K [0x00000000d5580000, 0x00000000e2800000, 0x0000000100000000)
  eden space 125952K, 0% used [0x00000000d5580000,0x00000000d5580000,0x00000000dd080000)
  from space 11264K, 99% used [0x00000000dd080000,0x00000000ddb781b0,0x00000000ddb80000)
  to   space 13312K, 0% used [0x00000000e1b00000,0x00000000e1b00000,0x00000000e2800000)
 ParOldGen       total 46592K, used 7852K [0x0000000080000000, 0x0000000082d80000, 0x00000000d5580000)
  object space 46592K, 16% used [0x0000000080000000,0x00000000807ab108,0x0000000082d80000)
 Metaspace       used 34500K, capacity 35342K, committed 35496K, reserved 1079296K
  class space    used 4721K, capacity 4934K, committed 5032K, reserved 1048576K
Event: 34.777 GC heap after
Heap after GC invocations=11 (full 2):
 PSYoungGen      total 137216K, used 0K [0x00000000d5580000, 0x00000000e2800000, 0x0000000100000000)
  eden space 125952K, 0% used [0x00000000d5580000,0x00000000d5580000,0x00000000dd080000)
  from space 11264K, 0% used [0x00000000dd080000,0x00000000dd080000,0x00000000ddb80000)
  to   space 13312K, 0% used [0x00000000e1b00000,0x00000000e1b00000,0x00000000e2800000)
 ParOldGen       total 46592K, used 18486K [0x0000000080000000, 0x0000000082d80000, 0x00000000d5580000)
  object space 46592K, 39% used [0x0000000080000000,0x000000008120d850,0x0000000082d80000)
 Metaspace       used 34500K, capacity 35342K, committed 35496K, reserved 1079296K
  class space    used 4721K, capacity 4934K, committed 5032K, reserved 1048576K
}

Deoptimization events (10 events):
Event: 41.990 Thread 0x00000000195d4000 Uncommon trap: reason=unstable_if action=reinterpret pc=0x000000000341ef9c method=org.objectweb.asm.ByteVector.putUTF8(Ljava/lang/String;)Lorg/objectweb/asm/ByteVector; @ 93
Event: 43.736 Thread 0x00000000195d4000 Uncommon trap: reason=unstable_if action=reinterpret pc=0x00000000037a0780 method=java.util.jar.JarFile.maybeInstantiateVerifier()V @ 75
Event: 43.738 Thread 0x00000000195d4000 Uncommon trap: reason=unstable_if action=reinterpret pc=0x00000000031c6688 method=java.util.jar.Manifest$FastInputStream.readLine([BII)I @ 87
Event: 43.739 Thread 0x00000000195d4000 Uncommon trap: reason=unstable_if action=reinterpret pc=0x00000000030c9c8c method=java.util.jar.Attributes$Name.isDigit(C)Z @ 3
Event: 43.777 Thread 0x00000000195d4000 Uncommon trap: reason=unstable_if action=reinterpret pc=0x0000000003a907a4 method=java.lang.ThreadLocal.get()Ljava/lang/Object; @ 11
Event: 43.874 Thread 0x00000000195d4000 Uncommon trap: reason=speculate_class_check action=maybe_recompile pc=0x0000000003bc2190 method=java.util.HashMap.putVal(ILjava/lang/Object;Ljava/lang/Object;ZZ)Ljava/lang/Object; @ 56
Event: 43.874 Thread 0x00000000195d4000 Uncommon trap: reason=speculate_class_check action=maybe_recompile pc=0x0000000003bc2190 method=java.util.HashMap.putVal(ILjava/lang/Object;Ljava/lang/Object;ZZ)Ljava/lang/Object; @ 56
Event: 43.874 Thread 0x00000000195d4000 Uncommon trap: reason=speculate_class_check action=maybe_recompile pc=0x0000000003bc2190 method=java.util.HashMap.putVal(ILjava/lang/Object;Ljava/lang/Object;ZZ)Ljava/lang/Object; @ 56
Event: 43.874 Thread 0x00000000195d4000 Uncommon trap: reason=speculate_class_check action=maybe_recompile pc=0x0000000003bc2190 method=java.util.HashMap.putVal(ILjava/lang/Object;Ljava/lang/Object;ZZ)Ljava/lang/Object; @ 56
Event: 43.951 Thread 0x00000000195d4000 Uncommon trap: reason=unstable_if action=reinterpret pc=0x0000000003151a3c method=java.lang.CharacterDataLatin1.isWhitespace(I)Z @ 14

Classes redefined (0 events):
No events

Internal exceptions (10 events):
Event: 39.421 Thread 0x0000000019cbd800 Exception <a 'java/lang/NoSuchMethodError': <clinit>> (0x00000000d82fb300) thrown at [C:\src\AOSP-openjdk-git\hotspot\src\share\vm\prims\jni.cpp, line 1615]
Event: 39.423 Thread 0x0000000019cbd800 Exception <a 'java/lang/NoSuchMethodError': <clinit>> (0x00000000d8306220) thrown at [C:\src\AOSP-openjdk-git\hotspot\src\share\vm\prims\jni.cpp, line 1615]
Event: 39.428 Thread 0x0000000019cbd800 Exception <a 'java/lang/NoSuchMethodError': <clinit>> (0x00000000d8319658) thrown at [C:\src\AOSP-openjdk-git\hotspot\src\share\vm\prims\jni.cpp, line 1615]
Event: 39.534 Thread 0x00000000195d4000 Exception <a 'java/lang/ClassNotFoundException': build_eyyou9rzbcswq3po4vw31k8bgBeanInfo> (0x00000000d838ab70) thrown at [C:\src\AOSP-openjdk-git\hotspot\src\share\vm\classfile\systemDictionary.cpp, line 210]
Event: 39.535 Thread 0x00000000195d4000 Exception <a 'java/lang/ClassNotFoundException': build_eyyou9rzbcswq3po4vw31k8bgCustomizer> (0x00000000d8397d38) thrown at [C:\src\AOSP-openjdk-git\hotspot\src\share\vm\classfile\systemDictionary.cpp, line 210]
Event: 39.576 Thread 0x00000000195d4000 Exception <a 'java/lang/ClassNotFoundException': org/gradle/api/internal/plugins/DefaultObjectConfigurationActionBeanInfo> (0x00000000d8415680) thrown at [C:\src\AOSP-openjdk-git\hotspot\src\share\vm\classfile\systemDictionary.cpp, line 210]
Event: 39.579 Thread 0x00000000195d4000 Exception <a 'java/lang/ClassNotFoundException': org/gradle/api/internal/plugins/DefaultObjectConfigurationActionCustomizer> (0x00000000d845d5b0) thrown at [C:\src\AOSP-openjdk-git\hotspot\src\share\vm\classfile\systemDictionary.cpp, line 210]
Event: 40.839 Thread 0x00000000195d4000 Implicit null exception at 0x00000000038ef2ba to 0x00000000038f02b1
Event: 40.841 Thread 0x00000000195d4000 Implicit null exception at 0x00000000038bfa55 to 0x00000000038bfd3d
Event: 43.777 Thread 0x00000000195d4000 Implicit null exception at 0x0000000003a90268 to 0x0000000003a9078d

Events (10 events):
Event: 44.017 loading class java/security/spec/AlgorithmParameterSpec done
Event: 44.017 loading class java/security/spec/DSAParameterSpec done
Event: 44.017 loading class java/security/interfaces/DSAPrivateKey
Event: 44.018 loading class java/security/interfaces/DSAPrivateKey done
Event: 44.018 loading class sun/security/provider/DSA$SHA1withDSA
Event: 44.018 loading class sun/security/provider/DSA
Event: 44.019 loading class sun/security/provider/DSA done
Event: 44.019 loading class sun/security/provider/DSA$SHA1withDSA done
Event: 44.021 loading class java/math/SignedMutableBigInteger
Event: 44.021 loading class java/math/SignedMutableBigInteger done


Dynamic libraries:
0x00007ff7c07e0000 - 0x00007ff7c0811000 	C:\Program Files\Android\Android Studio\jre\bin\java.exe
0x00007ffb2a640000 - 0x00007ffb2a830000 	C:\WINDOWS\SYSTEM32\ntdll.dll
0x00007ffb29400000 - 0x00007ffb294b2000 	C:\WINDOWS\System32\KERNEL32.DLL
0x00007ffb27980000 - 0x00007ffb27c24000 	C:\WINDOWS\System32\KERNELBASE.dll
0x00007ffb2a490000 - 0x00007ffb2a533000 	C:\WINDOWS\System32\ADVAPI32.dll
0x00007ffb29ca0000 - 0x00007ffb29d3e000 	C:\WINDOWS\System32\msvcrt.dll
0x00007ffb2a560000 - 0x00007ffb2a5f7000 	C:\WINDOWS\System32\sechost.dll
0x00007ffb288a0000 - 0x00007ffb289c0000 	C:\WINDOWS\System32\RPCRT4.dll
0x00007ffb29e20000 - 0x00007ffb29fb4000 	C:\WINDOWS\System32\USER32.dll
0x00007ffb27e30000 - 0x00007ffb27e51000 	C:\WINDOWS\System32\win32u.dll
0x00007ffb28760000 - 0x00007ffb28786000 	C:\WINDOWS\System32\GDI32.dll
0x00007ffb275d0000 - 0x00007ffb27764000 	C:\WINDOWS\System32\gdi32full.dll
0x00007ffb27eb0000 - 0x00007ffb27f4e000 	C:\WINDOWS\System32\msvcp_win.dll
0x00007ffb27880000 - 0x00007ffb2797a000 	C:\WINDOWS\System32\ucrtbase.dll
0x00007ffb1be70000 - 0x00007ffb1c0f4000 	C:\WINDOWS\WinSxS\amd64_microsoft.windows.common-controls_6595b64144ccf1df_6.0.18362.836_none_e6c4b943130f18ed\COMCTL32.dll
0x00007ffb2a150000 - 0x00007ffb2a486000 	C:\WINDOWS\System32\combase.dll
0x00007ffb277d0000 - 0x00007ffb27850000 	C:\WINDOWS\System32\bcryptPrimitives.dll
0x00007ffb28bd0000 - 0x00007ffb28bfe000 	C:\WINDOWS\System32\IMM32.DLL
0x0000000068d50000 - 0x0000000068e22000 	C:\Program Files\Android\Android Studio\jre\jre\bin\msvcr100.dll
0x00000000697c0000 - 0x000000006a00b000 	C:\Program Files\Android\Android Studio\jre\jre\bin\server\jvm.dll
0x00007ffb28c60000 - 0x00007ffb28c68000 	C:\WINDOWS\System32\PSAPI.DLL
0x00007ffb150d0000 - 0x00007ffb150d9000 	C:\WINDOWS\SYSTEM32\WSOCK32.dll
0x00007ffb29540000 - 0x00007ffb295af000 	C:\WINDOWS\System32\WS2_32.dll
0x00007ffb241b0000 - 0x00007ffb241d4000 	C:\WINDOWS\SYSTEM32\WINMM.dll
0x00007ffb21640000 - 0x00007ffb2164a000 	C:\WINDOWS\SYSTEM32\VERSION.dll
0x00007ffb24180000 - 0x00007ffb241ad000 	C:\WINDOWS\SYSTEM32\WINMMBASE.dll
0x00007ffb27e60000 - 0x00007ffb27eaa000 	C:\WINDOWS\System32\cfgmgr32.dll
0x00007ffb23ed0000 - 0x00007ffb23edf000 	C:\Program Files\Android\Android Studio\jre\jre\bin\verify.dll
0x00007ffb20490000 - 0x00007ffb204b9000 	C:\Program Files\Android\Android Studio\jre\jre\bin\java.dll
0x00007ffb23eb0000 - 0x00007ffb23ec6000 	C:\Program Files\Android\Android Studio\jre\jre\bin\zip.dll
0x00007ffb295b0000 - 0x00007ffb29c94000 	C:\WINDOWS\System32\SHELL32.dll
0x00007ffb287f0000 - 0x00007ffb28899000 	C:\WINDOWS\System32\shcore.dll
0x00007ffb27f50000 - 0x00007ffb286ce000 	C:\WINDOWS\System32\windows.storage.dll
0x00007ffb27560000 - 0x00007ffb27583000 	C:\WINDOWS\System32\profapi.dll
0x00007ffb27510000 - 0x00007ffb2755a000 	C:\WINDOWS\System32\powrprof.dll
0x00007ffb27500000 - 0x00007ffb27510000 	C:\WINDOWS\System32\UMPDC.dll
0x00007ffb28c00000 - 0x00007ffb28c52000 	C:\WINDOWS\System32\shlwapi.dll
0x00007ffb27590000 - 0x00007ffb275a1000 	C:\WINDOWS\System32\kernel.appcore.dll
0x00007ffb286d0000 - 0x00007ffb286e7000 	C:\WINDOWS\System32\cryptsp.dll
0x00007ffb20470000 - 0x00007ffb2048a000 	C:\Program Files\Android\Android Studio\jre\jre\bin\net.dll
0x00007ffb26d10000 - 0x00007ffb26d77000 	C:\WINDOWS\system32\mswsock.dll
0x00007ffb20450000 - 0x00007ffb20463000 	C:\Program Files\Android\Android Studio\jre\jre\bin\nio.dll
0x00007ffb1a580000 - 0x00007ffb1a5a6000 	C:\Users\TOSHIBA\.gradle\native\31\windows-amd64\native-platform.dll
0x00007ffb20440000 - 0x00007ffb2044d000 	C:\Program Files\Android\Android Studio\jre\jre\bin\management.dll
0x00007ffb26880000 - 0x00007ffb268b3000 	C:\WINDOWS\system32\rsaenh.dll
0x00007ffb27850000 - 0x00007ffb27876000 	C:\WINDOWS\System32\bcrypt.dll
0x00007ffb27420000 - 0x00007ffb27445000 	C:\WINDOWS\SYSTEM32\USERENV.dll
0x00007ffb26ee0000 - 0x00007ffb26eec000 	C:\WINDOWS\SYSTEM32\CRYPTBASE.dll
0x00007ffb26a20000 - 0x00007ffb26a5a000 	C:\WINDOWS\SYSTEM32\IPHLPAPI.DLL
0x00007ffb29e10000 - 0x00007ffb29e18000 	C:\WINDOWS\System32\NSI.dll
0x00007ffb20b80000 - 0x00007ffb20b96000 	C:\WINDOWS\SYSTEM32\dhcpcsvc6.DLL
0x00007ffb217a0000 - 0x00007ffb217bc000 	C:\WINDOWS\SYSTEM32\dhcpcsvc.DLL
0x00007ffb26a60000 - 0x00007ffb26b2b000 	C:\WINDOWS\SYSTEM32\DNSAPI.dll

VM Arguments:
jvm_args: -Xmx2048m -Dfile.encoding=windows-1252 -Duser.country=US -Duser.language=en -Duser.variant 
java_command: org.gradle.launcher.daemon.bootstrap.GradleDaemon 6.1.1
java_class_path (initial): C:\Users\TOSHIBA\.gradle\wrapper\dists\gradle-6.1.1-all\cfmwm155h49vnt3hynmlrsdst\gradle-6.1.1\lib\gradle-launcher-6.1.1.jar
Launcher Type: SUN_STANDARD

Environment Variables:
JAVA_HOME=C:\Program Files\Java\jdk-13.0.1
CLASSPATH=C:\Program Files\Java\jdk-13.0.1\lib
PATH=C:\Program Files (x86)\Common Files\Oracle\Java\javapath;E:\app\OracleHome\product\12.2.0\dbhome_1\bin;D:\app\reihanbay\product\12.2.0\dbhome_1\bin;C:\Program Files\Git\cmd;C:\ProgramData\chocolatey\bin;C:\Program Files (x86)\AMD\ATI.ACE\Core-Static;C:\xampp\php;C:\ProgramData\ComposerSetup\bin;C:\WINDOWS\system32;C:\WINDOWS;C:\WINDOWS\System32\Wbem;C:\WINDOWS\System32\WindowsPowerShell\v1.0\;C:\WINDOWS\System32\OpenSSH\;C:\Program Files\nodejs\;C:\Program Files\dotnet\;C:\Program Files\PuTTY\;C:\Users\TOSHIBA\AppData\Local\Microsoft\WindowsApps;C:\Program Files\Java\jdk-13.0.1\bin;C:\Users\TOSHIBA\AppData\Local\Android\Sdk\emulator;C:\Users\TOSHIBA\AppData\Local\Android\Sdk\platform-tools;C:\Users\TOSHIBA\AppData\Local\Android\Sdk\tools\bin;C:\Users\TOSHIBA\AppData\Local\Android\Sdk\tools;E:\file Software\Microsoft VS Code\bin;C:\Users\TOSHIBA\AppData\Roaming\Composer\vendor\bin;C:\Users\TOSHIBA\AppData\Roaming\npm;C:\Program Files (x86)\Gradle\gradle-6.5.1\bin;
USERNAME=TOSHIBA
OS=Windows_NT
PROCESSOR_IDENTIFIER=Intel64 Family 6 Model 37 Stepping 5, GenuineIntel



---------------  S Y S T E M  ---------------

OS: Windows 10.0 , 64 bit Build 18362 (10.0.18362.778)

CPU:total 4 (initial active 4) (2 cores per cpu, 2 threads per core) family 6 model 37 stepping 5, cmov, cx8, fxsr, mmx, sse, sse2, sse3, ssse3, sse4.1, sse4.2, popcnt, ht, tsc, tscinvbit

Memory: 4k page, physical 8247148k(1103876k free), swap 14391148k(5212k free)

vm_info: OpenJDK 64-Bit Server VM (25.242-b01) for windows-amd64 JRE (1.8.0_242-release-1644-b01), built by "builder" with MS VC++ 10.0 (VS2010)

time: Sun Oct 04 15:24:55 2020
timezone: SE Asia Standard Time
elapsed time: 44 seconds (0d 0h 0m 44s)

